2016/05/31 18:10:40.241; INFO;(Driver.java:107);-----------------------------------------------------------------------------------------------------------------------
2016/05/31 18:10:40.256; WARN;(Version.java:66);build_info.properties file not available
2016/05/31 18:10:40.256; INFO;(Driver.java:108);Started Automated Functional Tester (AFT) version [] at [2016-05-31 18:10:40]
2016/05/31 18:10:40.256; INFO;(Driver.java:111);-----------------------------------------------------------------------------------------------------------------------
2016/05/31 18:10:40.256;DEBUG;(ReportGenerator.java:67);Creating new ReportGenerator object for reporting
2016/05/31 18:10:40.256;DEBUG;(TCMReportGenerator.java:44);Creating new TCMReportGenerator object for reporting
2016/05/31 18:10:40.397;DEBUG;(Variable.java:295);Value [05-31-2016] has been stored in variable [AFT_TESTSTARTDATE]
2016/05/31 18:10:40.397;DEBUG;(Helper.java:463);Action value string [#AFT_TESTSTARTDATE#] after substituting for variables/test data is [05-31-2016]
2016/05/31 18:10:40.397;DEBUG;(Variable.java:295);Value [8:10:40] has been stored in variable [AFT_TESTSTARTTIME]
2016/05/31 18:10:40.397;DEBUG;(Helper.java:463);Action value string [#AFT_TESTSTARTTIME#] after substituting for variables/test data is [8:10:40]
2016/05/31 18:10:40.397;DEBUG;(Helper.java:463);Action value string [#AFT_BROWSERVERSION#] after substituting for variables/test data is []
2016/05/31 18:10:40.397;DEBUG;(Variable.java:295);Value [Windows 7] has been stored in variable [AFT_OSVERSION]
2016/05/31 18:10:40.397;DEBUG;(Helper.java:463);Action value string [#AFT_OSVERSION#] after substituting for variables/test data is [Windows 7]
2016/05/31 18:10:40.397;DEBUG;(TestBatchRunner.java:861);Value for system variable [AFT_OSVersion] set to [Windows 7]
2016/05/31 18:10:40.397;DEBUG;(Variable.java:295);Value [./configuration/] has been stored in variable [AFT_TESTBATCHPATH]
2016/05/31 18:10:40.397;DEBUG;(Helper.java:463);Action value string [#AFT_TESTBATCHPATH#] after substituting for variables/test data is [./configuration/]
2016/05/31 18:10:40.397;DEBUG;(Variable.java:295);Value [AFTTestBatch.xml] has been stored in variable [AFT_TESTBATCHFILENAME]
2016/05/31 18:10:40.397;DEBUG;(Helper.java:463);Action value string [#AFT_TESTBATCHFILENAME#] after substituting for variables/test data is [AFTTestBatch.xml]
2016/05/31 18:10:40.397;DEBUG;(Variable.java:295);Value [0] has been stored in variable [AFT_TOTALTESTSCENARIOS]
2016/05/31 18:10:40.397;DEBUG;(Variable.java:295);Value [0] has been stored in variable [AFT_TOTALTESTCASES]
2016/05/31 18:10:40.412; INFO;(Driver.java:145);Checking report file retention policy...
2016/05/31 18:10:40.412; INFO;(FileUtil.java:174);LogFileRetentionPeriod [30], ServiceRequestsRetentionPeriod [30], ScreenShotsRetentionPeriod [30], ReportFileRetentionPeriod [30]
2016/05/31 18:10:40.412; INFO;(FileUtil.java:181);0 files found to delete older than the retention period.
2016/05/31 18:10:40.412; INFO;(TestBatchRunner.java:122);Starting execution of test batch...
2016/05/31 18:10:40.412; INFO;(TestBatchRunner.java:163);Reading test batch set file [./configuration/AFTTestBatch.xml]
2016/05/31 18:10:40.412;DEBUG;(XMLParser.java:846);XML file found
2016/05/31 18:10:40.412;DEBUG;(XMLParser.java:939);Reading the XML file [.\configuration\AFTTestBatch.xml]
2016/05/31 18:10:40.412;DEBUG;(XMLParser.java:948);Creating XML Document Object
2016/05/31 18:10:40.412;DEBUG;(XMLParser.java:951);Parsing the XML file [.\configuration\AFTTestBatch.xml]
2016/05/31 18:10:40.506; INFO;(XMLParser.java:966);Completed reading the XML file [.\configuration\AFTTestBatch.xml]
2016/05/31 18:10:40.506;DEBUG;(XMLParser.java:770);Converting XML Document object to String
2016/05/31 18:10:40.506;DEBUG;(XMLParser.java:175);Fetching the Attribute list for the node [TestSet]
2016/05/31 18:10:40.506;DEBUG;(XMLParser.java:184);Total Nodes found [1]
2016/05/31 18:10:40.506;DEBUG;(XMLParser.java:196);Total attributes count for node [TestSet] is [1]
2016/05/31 18:10:40.506;DEBUG;(XMLParser.java:210);Total child nodes count for node [TestSet] is [47]
2016/05/31 18:10:40.506;DEBUG;(XMLParser.java:230);Successfully built attribute list for the for the specified node [TestSet] and its child nodes
2016/05/31 18:10:40.522; INFO;(XMLParser.java:497);Fetching the attribute value for attribute [Name] in node [TestSet]
2016/05/31 18:10:40.522;DEBUG;(XMLParser.java:506);Total Nodes found [1]
2016/05/31 18:10:40.522; INFO;(TestBatchRunner.java:173);Starting execution of test batch...
2016/05/31 18:10:40.522; INFO;(TestBatchRunner.java:193);Total test batch sets read from testbatch file are [1]
2016/05/31 18:10:40.522; INFO;(TestBatchRunner.java:559);Read test batch set: test set name [ECM], BrowserType[], ApplicationUrl[], ApplicationName[ECM], TestSuitePath[.\testScripts\GlobalFoundries_TestSuite_ECM.xls], ScenariosSheetName[Functional_Scenarios], TestStepsSheetName[Test_Steps], ObjectRepositoryPath[], TestDataTablePath[.\testData\GlobalFoundries_TestData_ECM.xls], ReusableTestSuitePath[.\testScripts\GlobalFoundries_Reusable_ECM.xls], ReusableScenariosSheetName[Reusable_Scenarios], ReusableTestStepsSheetName[Reusable_Steps], AppConfigFilePath[null], AppExecutionConfiguration[ECM], TCMIntegrationConfigFilePath[], Category[ECM], ExecutionEngine[Core], ScenarioInitializationIDs[], ScenarioCleanupIDs[], TestSetInitializationIDs[RS_LoadProperties], TestSetCleanupIDs[RS_CloseConnection], CustomDictionaryPath[], SpellCheckLanguage[American_English], SpellCheckSuggestion[No]
2016/05/31 18:10:40.522;DEBUG;(Variable.java:295);Value [] has been stored in variable [AFT_APPLICATIONURL]
2016/05/31 18:10:40.522;DEBUG;(Helper.java:463);Action value string [#AFT_APPLICATIONURL#] after substituting for variables/test data is []
2016/05/31 18:10:40.522;DEBUG;(TestBatchRunner.java:628);Starting execution of AFT test suite [.\testScripts\GlobalFoundries_TestSuite_ECM.xls] for application [ECM] on url [
2016/05/31 18:10:40.522; INFO;(TestBatchRunner.java:636);User has specified the Configuration [ECM]
2016/05/31 18:10:40.522; INFO;(TestBatchRunner.java:639);Loading App Config file [./configuration/AppConfig.xml], execution configuration [ECM]
2016/05/31 18:10:40.522; INFO;(AppConfigProperties.java:86);Loading App Config file [./configuration/AppConfig.xml]
2016/05/31 18:10:40.522;DEBUG;(AppConfigProperties.java:90);Creating file stream object to load app configuration properties file [./configuration/AppConfig.xml]
2016/05/31 18:10:40.522; INFO;(AppConfigProperties.java:92);Reading app config file [./configuration/AppConfig.xml]
2016/05/31 18:10:40.522;DEBUG;(XMLParser.java:846);XML file found
2016/05/31 18:10:40.522;DEBUG;(XMLParser.java:939);Reading the XML file [E:\xAFTFramework\xAFT_Framework\.\configuration\AppConfig.xml]
2016/05/31 18:10:40.522;DEBUG;(XMLParser.java:948);Creating XML Document Object
2016/05/31 18:10:40.522;DEBUG;(XMLParser.java:951);Parsing the XML file [E:\xAFTFramework\xAFT_Framework\.\configuration\AppConfig.xml]
2016/05/31 18:10:40.537; INFO;(XMLParser.java:966);Completed reading the XML file [E:\xAFTFramework\xAFT_Framework\.\configuration\AppConfig.xml]
2016/05/31 18:10:40.537;DEBUG;(XMLParser.java:770);Converting XML Document object to String
2016/05/31 18:10:40.553;DEBUG;(XMLParser.java:175);Fetching the Attribute list for the node [Configuration]
2016/05/31 18:10:40.553;DEBUG;(XMLParser.java:184);Total Nodes found [31]
2016/05/31 18:10:40.553;DEBUG;(XMLParser.java:196);Total attributes count for node [Configuration] is [1]
2016/05/31 18:10:40.553;DEBUG;(XMLParser.java:210);Total child nodes count for node [Configuration] is [9]
2016/05/31 18:10:40.553;DEBUG;(XMLParser.java:230);Successfully built attribute list for the for the specified node [Configuration] and its child nodes
2016/05/31 18:10:40.553;DEBUG;(XMLParser.java:196);Total attributes count for node [Configuration] is [1]
2016/05/31 18:10:40.553;DEBUG;(XMLParser.java:210);Total child nodes count for node [Configuration] is [9]
2016/05/31 18:10:40.553;DEBUG;(XMLParser.java:230);Successfully built attribute list for the for the specified node [Configuration] and its child nodes
2016/05/31 18:10:40.553;DEBUG;(XMLParser.java:196);Total attributes count for node [Configuration] is [1]
2016/05/31 18:10:40.553;DEBUG;(XMLParser.java:210);Total child nodes count for node [Configuration] is [9]
2016/05/31 18:10:40.553;DEBUG;(XMLParser.java:230);Successfully built attribute list for the for the specified node [Configuration] and its child nodes
2016/05/31 18:10:40.553;DEBUG;(XMLParser.java:196);Total attributes count for node [Configuration] is [1]
2016/05/31 18:10:40.553;DEBUG;(XMLParser.java:210);Total child nodes count for node [Configuration] is [47]
2016/05/31 18:10:40.553;DEBUG;(XMLParser.java:230);Successfully built attribute list for the for the specified node [Configuration] and its child nodes
2016/05/31 18:10:40.553;DEBUG;(XMLParser.java:196);Total attributes count for node [Configuration] is [1]
2016/05/31 18:10:40.553;DEBUG;(XMLParser.java:210);Total child nodes count for node [Configuration] is [47]
2016/05/31 18:10:40.553;DEBUG;(XMLParser.java:230);Successfully built attribute list for the for the specified node [Configuration] and its child nodes
2016/05/31 18:10:40.553;DEBUG;(XMLParser.java:196);Total attributes count for node [Configuration] is [1]
2016/05/31 18:10:40.553;DEBUG;(XMLParser.java:210);Total child nodes count for node [Configuration] is [13]
2016/05/31 18:10:40.553;DEBUG;(XMLParser.java:230);Successfully built attribute list for the for the specified node [Configuration] and its child nodes
2016/05/31 18:10:40.553;DEBUG;(XMLParser.java:196);Total attributes count for node [Configuration] is [1]
2016/05/31 18:10:40.553;DEBUG;(XMLParser.java:210);Total child nodes count for node [Configuration] is [1]
2016/05/31 18:10:40.553;DEBUG;(XMLParser.java:230);Successfully built attribute list for the for the specified node [Configuration] and its child nodes
2016/05/31 18:10:40.553;DEBUG;(XMLParser.java:196);Total attributes count for node [Configuration] is [1]
2016/05/31 18:10:40.553;DEBUG;(XMLParser.java:210);Total child nodes count for node [Configuration] is [67]
2016/05/31 18:10:40.553;DEBUG;(XMLParser.java:230);Successfully built attribute list for the for the specified node [Configuration] and its child nodes
2016/05/31 18:10:40.553;DEBUG;(XMLParser.java:196);Total attributes count for node [Configuration] is [1]
2016/05/31 18:10:40.553;DEBUG;(XMLParser.java:210);Total child nodes count for node [Configuration] is [69]
2016/05/31 18:10:40.553;DEBUG;(XMLParser.java:230);Successfully built attribute list for the for the specified node [Configuration] and its child nodes
2016/05/31 18:10:40.553;DEBUG;(XMLParser.java:196);Total attributes count for node [Configuration] is [1]
2016/05/31 18:10:40.553;DEBUG;(XMLParser.java:210);Total child nodes count for node [Configuration] is [63]
2016/05/31 18:10:40.553;DEBUG;(XMLParser.java:230);Successfully built attribute list for the for the specified node [Configuration] and its child nodes
2016/05/31 18:10:40.553;DEBUG;(XMLParser.java:196);Total attributes count for node [Configuration] is [1]
2016/05/31 18:10:40.553;DEBUG;(XMLParser.java:210);Total child nodes count for node [Configuration] is [5]
2016/05/31 18:10:40.553;DEBUG;(XMLParser.java:230);Successfully built attribute list for the for the specified node [Configuration] and its child nodes
2016/05/31 18:10:40.553;DEBUG;(XMLParser.java:196);Total attributes count for node [Configuration] is [1]
2016/05/31 18:10:40.553;DEBUG;(XMLParser.java:210);Total child nodes count for node [Configuration] is [103]
2016/05/31 18:10:40.553;DEBUG;(XMLParser.java:230);Successfully built attribute list for the for the specified node [Configuration] and its child nodes
2016/05/31 18:10:40.553;DEBUG;(XMLParser.java:196);Total attributes count for node [Configuration] is [1]
2016/05/31 18:10:40.553;DEBUG;(XMLParser.java:210);Total child nodes count for node [Configuration] is [15]
2016/05/31 18:10:40.553;DEBUG;(XMLParser.java:230);Successfully built attribute list for the for the specified node [Configuration] and its child nodes
2016/05/31 18:10:40.553;DEBUG;(XMLParser.java:196);Total attributes count for node [Configuration] is [1]
2016/05/31 18:10:40.553;DEBUG;(XMLParser.java:210);Total child nodes count for node [Configuration] is [149]
2016/05/31 18:10:40.553;DEBUG;(XMLParser.java:230);Successfully built attribute list for the for the specified node [Configuration] and its child nodes
2016/05/31 18:10:40.553;DEBUG;(XMLParser.java:196);Total attributes count for node [Configuration] is [1]
2016/05/31 18:10:40.553;DEBUG;(XMLParser.java:210);Total child nodes count for node [Configuration] is [1]
2016/05/31 18:10:40.553;DEBUG;(XMLParser.java:230);Successfully built attribute list for the for the specified node [Configuration] and its child nodes
2016/05/31 18:10:40.553;DEBUG;(XMLParser.java:196);Total attributes count for node [Configuration] is [1]
2016/05/31 18:10:40.553;DEBUG;(XMLParser.java:210);Total child nodes count for node [Configuration] is [135]
2016/05/31 18:10:40.553;DEBUG;(XMLParser.java:230);Successfully built attribute list for the for the specified node [Configuration] and its child nodes
2016/05/31 18:10:40.553;DEBUG;(XMLParser.java:196);Total attributes count for node [Configuration] is [1]
2016/05/31 18:10:40.553;DEBUG;(XMLParser.java:210);Total child nodes count for node [Configuration] is [83]
2016/05/31 18:10:40.553;DEBUG;(XMLParser.java:230);Successfully built attribute list for the for the specified node [Configuration] and its child nodes
2016/05/31 18:10:40.553;DEBUG;(XMLParser.java:196);Total attributes count for node [Configuration] is [1]
2016/05/31 18:10:40.553;DEBUG;(XMLParser.java:210);Total child nodes count for node [Configuration] is [39]
2016/05/31 18:10:40.553;DEBUG;(XMLParser.java:230);Successfully built attribute list for the for the specified node [Configuration] and its child nodes
2016/05/31 18:10:40.553;DEBUG;(XMLParser.java:196);Total attributes count for node [Configuration] is [1]
2016/05/31 18:10:40.553;DEBUG;(XMLParser.java:210);Total child nodes count for node [Configuration] is [77]
2016/05/31 18:10:40.553;DEBUG;(XMLParser.java:230);Successfully built attribute list for the for the specified node [Configuration] and its child nodes
2016/05/31 18:10:40.553;DEBUG;(XMLParser.java:196);Total attributes count for node [Configuration] is [1]
2016/05/31 18:10:40.553;DEBUG;(XMLParser.java:210);Total child nodes count for node [Configuration] is [85]
2016/05/31 18:10:40.553;DEBUG;(XMLParser.java:230);Successfully built attribute list for the for the specified node [Configuration] and its child nodes
2016/05/31 18:10:40.553;DEBUG;(XMLParser.java:196);Total attributes count for node [Configuration] is [1]
2016/05/31 18:10:40.553;DEBUG;(XMLParser.java:210);Total child nodes count for node [Configuration] is [41]
2016/05/31 18:10:40.553;DEBUG;(XMLParser.java:230);Successfully built attribute list for the for the specified node [Configuration] and its child nodes
2016/05/31 18:10:40.553;DEBUG;(XMLParser.java:196);Total attributes count for node [Configuration] is [1]
2016/05/31 18:10:40.553;DEBUG;(XMLParser.java:210);Total child nodes count for node [Configuration] is [39]
2016/05/31 18:10:40.553;DEBUG;(XMLParser.java:230);Successfully built attribute list for the for the specified node [Configuration] and its child nodes
2016/05/31 18:10:40.553;DEBUG;(XMLParser.java:196);Total attributes count for node [Configuration] is [1]
2016/05/31 18:10:40.553;DEBUG;(XMLParser.java:210);Total child nodes count for node [Configuration] is [33]
2016/05/31 18:10:40.553;DEBUG;(XMLParser.java:230);Successfully built attribute list for the for the specified node [Configuration] and its child nodes
2016/05/31 18:10:40.553;DEBUG;(XMLParser.java:196);Total attributes count for node [Configuration] is [1]
2016/05/31 18:10:40.553;DEBUG;(XMLParser.java:210);Total child nodes count for node [Configuration] is [27]
2016/05/31 18:10:40.553;DEBUG;(XMLParser.java:230);Successfully built attribute list for the for the specified node [Configuration] and its child nodes
2016/05/31 18:10:40.553;DEBUG;(XMLParser.java:196);Total attributes count for node [Configuration] is [1]
2016/05/31 18:10:40.553;DEBUG;(XMLParser.java:210);Total child nodes count for node [Configuration] is [33]
2016/05/31 18:10:40.553;DEBUG;(XMLParser.java:230);Successfully built attribute list for the for the specified node [Configuration] and its child nodes
2016/05/31 18:10:40.553;DEBUG;(XMLParser.java:196);Total attributes count for node [Configuration] is [1]
2016/05/31 18:10:40.553;DEBUG;(XMLParser.java:210);Total child nodes count for node [Configuration] is [35]
2016/05/31 18:10:40.553;DEBUG;(XMLParser.java:230);Successfully built attribute list for the for the specified node [Configuration] and its child nodes
2016/05/31 18:10:40.553;DEBUG;(XMLParser.java:196);Total attributes count for node [Configuration] is [1]
2016/05/31 18:10:40.553;DEBUG;(XMLParser.java:210);Total child nodes count for node [Configuration] is [27]
2016/05/31 18:10:40.553;DEBUG;(XMLParser.java:230);Successfully built attribute list for the for the specified node [Configuration] and its child nodes
2016/05/31 18:10:40.553;DEBUG;(XMLParser.java:196);Total attributes count for node [Configuration] is [1]
2016/05/31 18:10:40.568;DEBUG;(XMLParser.java:210);Total child nodes count for node [Configuration] is [29]
2016/05/31 18:10:40.568;DEBUG;(XMLParser.java:230);Successfully built attribute list for the for the specified node [Configuration] and its child nodes
2016/05/31 18:10:40.568;DEBUG;(XMLParser.java:196);Total attributes count for node [Configuration] is [1]
2016/05/31 18:10:40.568;DEBUG;(XMLParser.java:210);Total child nodes count for node [Configuration] is [31]
2016/05/31 18:10:40.568;DEBUG;(XMLParser.java:230);Successfully built attribute list for the for the specified node [Configuration] and its child nodes
2016/05/31 18:10:40.568;DEBUG;(XMLParser.java:196);Total attributes count for node [Configuration] is [1]
2016/05/31 18:10:40.568;DEBUG;(XMLParser.java:210);Total child nodes count for node [Configuration] is [35]
2016/05/31 18:10:40.568;DEBUG;(XMLParser.java:230);Successfully built attribute list for the for the specified node [Configuration] and its child nodes
2016/05/31 18:10:40.568;DEBUG;(XMLParser.java:196);Total attributes count for node [Configuration] is [1]
2016/05/31 18:10:40.568;DEBUG;(XMLParser.java:210);Total child nodes count for node [Configuration] is [39]
2016/05/31 18:10:40.568;DEBUG;(XMLParser.java:230);Successfully built attribute list for the for the specified node [Configuration] and its child nodes
2016/05/31 18:10:40.568;DEBUG;(AppConfigProperties.java:101);Reading execution configuration [ECM] from app config file [./configuration/AppConfig.xml]
2016/05/31 18:10:40.568;DEBUG;(Helper.java:463);Action value string [#AFT_BROWSERVERSION#] after substituting for variables/test data is []
2016/05/31 18:10:40.568;DEBUG;(ReportGenerator.java:235);Adding a new testSuite [ECM] for reporting
2016/05/31 18:10:40.568;DEBUG;(Helper.java:463);Action value string [#AFT_BROWSERVERSION#] after substituting for variables/test data is []
2016/05/31 18:10:40.568;DEBUG;(TCMReportGenerator.java:94);Adding a new testSuite [ECM] for reporting
2016/05/31 18:10:40.568; INFO;(TestBatchRunner.java:394);Create & Init Test Suite Object
2016/05/31 18:10:40.568;DEBUG;(Variable.java:295);Value [.\testScripts\] has been stored in variable [AFT_TESTSUITEPATH]
2016/05/31 18:10:40.568;DEBUG;(Helper.java:463);Action value string [#AFT_TESTSUITEPATH#] after substituting for variables/test data is [.\testScripts]
2016/05/31 18:10:40.568;DEBUG;(Variable.java:295);Value [GlobalFoundries_TestSuite_ECM.xls] has been stored in variable [AFT_TESTSUITEFILENAME]
2016/05/31 18:10:40.568;DEBUG;(Helper.java:463);Action value string [#AFT_TESTSUITEFILENAME#] after substituting for variables/test data is [GlobalFoundries_TestSuite_ECM.xls]
2016/05/31 18:10:40.568;DEBUG;(Variable.java:295);Value [.\testData\GlobalFoundries_TestData_ECM.xls] has been stored in variable [AFT_TESTDATAFILEPATH]
2016/05/31 18:10:40.568;DEBUG;(Variable.java:295);Value [-1] has been stored in variable [AFT_TESTDATASHEETCOUNT]
2016/05/31 18:10:40.568;DEBUG;(Variable.java:295);Value [true] has been stored in variable [AFT_ISENDOFTESTDATA]
2016/05/31 18:10:40.568;DEBUG;(Variable.java:295);Value [false] has been stored in variable [AFT_TERMINATECURRENTTESTSCENARIO]
2016/05/31 18:10:40.568;DEBUG;(Variable.java:295);Value [false] has been stored in variable [AFT_TERMINATECURRENTTESTSUITE]
2016/05/31 18:10:40.568;DEBUG;(Variable.java:295);Value [E:\xAFTFramework\xAFT_Framework] has been stored in variable [AFT_ROOTPATH]
2016/05/31 18:10:40.568;DEBUG;(Helper.java:463);Action value string [#AFT_ROOTPATH#] after substituting for variables/test data is [E:\xAFTFramework\xAFT_Framework]
2016/05/31 18:10:40.568;DEBUG;(TestSuiteRunner.java:1645);Value for system variable [AFT_RootPath] set to [E:\xAFTFramework\xAFT_Framework]
2016/05/31 18:10:40.646;DEBUG;(TestSuiteRunner.java:345);initializing scenarioIDs and testSteps list objects
2016/05/31 18:10:40.849;DEBUG;(ExcelRead.java:134);[Step_Values_Delimiter_Character] property value is [~]
2016/05/31 18:10:40.849;DEBUG;(TestSuiteRunner.java:356);Reading business scenarios...
2016/05/31 18:10:40.849;DEBUG;(ExcelRead.java:158);Reading tests from sheet [Functional_Scenarios]
2016/05/31 18:10:41.255;DEBUG;(ExcelRead.java:298);Finished loading of tests from sheet [Functional_Scenarios]. Total rows read #26
2016/05/31 18:10:41.255;DEBUG;(TestSuiteRunner.java:393);initializing scenarioIDs and testSteps list objects for reusable test suite file [.\testScripts\GlobalFoundries_Reusable_ECM.xls]
2016/05/31 18:10:41.270;DEBUG;(ExcelRead.java:134);[Step_Values_Delimiter_Character] property value is [~]
2016/05/31 18:10:41.270;DEBUG;(TestSuiteRunner.java:405);Reading business scenarios...
2016/05/31 18:10:41.270;DEBUG;(ExcelRead.java:158);Reading tests from sheet [Reusable_Scenarios]
2016/05/31 18:10:41.520;DEBUG;(ExcelRead.java:298);Finished loading of tests from sheet [Reusable_Scenarios]. Total rows read #135
2016/05/31 18:10:41.520; INFO;(TestSuiteRunner.java:2106);Test Set Initialization [RS_LoadProperties] is a valid reusable scenario.
2016/05/31 18:10:41.520; INFO;(TestSuiteRunner.java:2106);Test Set Clean up [RS_CloseConnection] is a valid reusable scenario.
2016/05/31 18:10:41.520;DEBUG;(TestSuiteRunner.java:447);Initializing Test Data file [.\testData\GlobalFoundries_TestData_ECM.xls]
2016/05/31 18:10:41.660;DEBUG;(ExcelRead.java:134);[Step_Values_Delimiter_Character] property value is [~]
2016/05/31 18:10:41.660;DEBUG;(Variable.java:295);Value [10] has been stored in variable [AFT_TESTDATASHEETCOUNT]
2016/05/31 18:10:41.660;DEBUG;(Variable.java:295);Value [false] has been stored in variable [AFT_ISENDOFTESTDATA]
2016/05/31 18:10:41.660; INFO;(TestSuiteRunner.java:1082);Starting execution of functional business scenarios and test steps in test suite
2016/05/31 18:10:41.660; INFO;(TestSuiteRunner.java:1227);executing business scenario #TS_Login
2016/05/31 18:10:41.660; INFO;(TestSuiteRunner.java:2142);Starting execution of Test Set level Initialization reusable scenario [RS_LoadProperties]
2016/05/31 18:10:41.660;DEBUG;(TestSuiteRunner.java:749);Starting execution of a scenario [RS_LoadProperties] in resuable test suite. Pushing [RS_LoadProperties] to [executingResuableTestScenario] stack.
2016/05/31 18:10:41.660; INFO;(TestSuiteRunner.java:801);Starting execution of business scenario id [RS_LoadProperties] and associated test steps in test suite file [.\testScripts\GlobalFoundries_Reusable_ECM.xls]
2016/05/31 18:10:41.660; INFO;(TestSuiteRunner.java:827);Executing test steps. Execution flag for business scenario id [RS_LoadProperties], description [Load the required properties] is [Y]
2016/05/31 18:10:41.660;DEBUG;(Variable.java:295);Value [RS_LoadProperties] has been stored in variable [AFT_CURRESBUSINESSSCENARIOID]
2016/05/31 18:10:41.660;DEBUG;(Variable.java:295);Value [Load the required properties] has been stored in variable [AFT_CURRESBUSINESSSCENARIODESCRIPTION]
2016/05/31 18:10:41.660;DEBUG;(Helper.java:463);Action value string [#AFT_TOTALTESTSCENARIOS#] after substituting for variables/test data is [0]
2016/05/31 18:10:41.660;DEBUG;(Variable.java:295);Value [1] has been stored in variable [AFT_TOTALTESTSCENARIOS]
2016/05/31 18:10:41.660;DEBUG;(Variable.java:295);Value [RS_LoadProperties_1] has been stored in variable [AFT_CURTESTCASEID]
2016/05/31 18:10:41.660;DEBUG;(Variable.java:295);Value [Load the required properties] has been stored in variable [AFT_CURTESTCASEDESCRIPTION]
2016/05/31 18:10:41.660;DEBUG;(Helper.java:463);Action value string [#AFT_TOTALTESTCASES#] after substituting for variables/test data is [0]
2016/05/31 18:10:41.660;DEBUG;(Variable.java:295);Value [1] has been stored in variable [AFT_TOTALTESTCASES]
2016/05/31 18:10:41.660;DEBUG;(Variable.java:295);Value [false] has been stored in variable [AFT_TERMINATECURRENTTESTCASE]
2016/05/31 18:10:41.660; INFO;(TestStepRunner.java:564);Starting execution of Pre-steps for test case #RS_LoadProperties_1
2016/05/31 18:10:41.660;DEBUG;(Helper.java:463);Action value string [#AFT_TERMINATECURRENTTESTSUITE#] after substituting for variables/test data is [false]
2016/05/31 18:10:41.660;DEBUG;(Helper.java:463);Action value string [#AFT_TERMINATECURRENTTESTSCENARIO#] after substituting for variables/test data is [false]
2016/05/31 18:10:41.660;DEBUG;(Helper.java:463);Action value string [#AFT_TERMINATECURRENTTESTCASE#] after substituting for variables/test data is [false]
2016/05/31 18:10:41.957;DEBUG;(TestStepRunner.java:860);Calling action [createScriptInstance], Element Name [.\\library\\GlobalFoundries\\gf_xAFT.jar,com.ags.util.Helper], Element value [#Helper#]
2016/05/31 18:10:41.957;DEBUG;(Helper.java:463);Action value string [#Helper#] after substituting for variables/test data is []
2016/05/31 18:10:41.957;DEBUG;(Helper.java:463);Action value string [.\\library\\GlobalFoundries\\gf_xAFT.jar,com.ags.util.Helper] after substituting for variables/test data is [.\library\GlobalFoundries\gf_xAFT.jar,com.ags.util.Helper]
2016/05/31 18:10:41.957;DEBUG;(Parser.java:159);Calling actionValue [createScriptInstance], element Name [.\\library\\GlobalFoundries\\gf_xAFT.jar,com.ags.util.Helper], original value [.\\library\\GlobalFoundries\\gf_xAFT.jar,com.ags.util.Helper], parsed value []
2016/05/31 18:10:41.957; INFO;(ScriptRunner.java:110);User specified script [.\\library\\GlobalFoundries\\gf_xAFT.jar,com.ags.util.Helper]
2016/05/31 18:10:41.957;DEBUG;(ScriptRunner.java:1146);Jar file specified is [.\\library\\GlobalFoundries\\gf_xAFT.jar,com.ags.util.Helper]
2016/05/31 18:10:41.957;DEBUG;(Helper.java:463);Action value string [.\\library\\GlobalFoundries\\gf_xAFT.jar,com.ags.util.Helper] after substituting for variables/test data is [.\library\GlobalFoundries\gf_xAFT.jar,com.ags.util.Helper]
2016/05/31 18:10:41.957;DEBUG;(DynamicClassLoader.java:91);Loading the jarfile [.\library\GlobalFoundries\gf_xAFT.jar] in Runtime
2016/05/31 18:10:41.957;DEBUG;(DynamicClassLoader.java:93);Completed loading the jarfile [.\library\GlobalFoundries\gf_xAFT.jar] in Runtime
2016/05/31 18:10:41.957;DEBUG;(DynamicClassLoader.java:96);Loading the class [com.ags.util.Helper]
2016/05/31 18:10:41.957;DEBUG;(DynamicClassLoader.java:98);Completed loading the class [com.ags.util.Helper]
2016/05/31 18:10:41.972;DEBUG;(ScriptRunner.java:149);Successfully created instance of [com.ags.util.Helper] class
2016/05/31 18:10:41.972;DEBUG;(ScriptInstance.java:71);Script Instance object created for script file [.\library\GlobalFoundries\gf_xAFT.jar,com.ags.util.Helper]!
2016/05/31 18:10:41.972;DEBUG;(ScriptInstanceManager.java:71);Creating a unique script instance identifier
2016/05/31 18:10:41.972; INFO;(ScriptInstanceManager.java:81);Generated unique script instance identifier [scriptInstance201605311810419721]
2016/05/31 18:10:41.972; INFO;(ScriptInstanceManager.java:99);Added a new script instance identifier [scriptInstance201605311810419721]
2016/05/31 18:10:41.972; INFO;(ScriptRunner.java:219);Storing script instance [scriptInstance201605311810419721] in user variable [#Helper#]
2016/05/31 18:10:41.972; INFO;(Helper.java:621);Parsing the parameters [#Helper#]
2016/05/31 18:10:41.972;DEBUG;(Variable.java:295);Value [scriptInstance201605311810419721] has been stored in variable [Helper]
2016/05/31 18:10:41.972; INFO;(ScriptRunner.java:229);Storing script instance [scriptInstance201605311810419721] in system variable [AFT_CURRENTSCRIPTINSTANCE] by default
2016/05/31 18:10:41.972;DEBUG;(Variable.java:295);Value [scriptInstance201605311810419721] has been stored in variable [AFT_CURRENTSCRIPTINSTANCE]
2016/05/31 18:10:41.972;DEBUG;(ScriptRunner.java:257);Script identifier [scriptInstance201605311810419721] created for external script [.\library\GlobalFoundries\gf_xAFT.jar,com.ags.util.Helper]
2016/05/31 18:10:41.972;DEBUG;(Variable.java:295);Value [.\\library\\GlobalFoundries\\gf_xAFT.jar,com.ags.util.Helper] has been stored in variable [AFT_LASTOPERATEDCONTROL]
2016/05/31 18:10:41.972;DEBUG;(Variable.java:295);Value [scriptInstance201605311810419721] has been stored in variable [AFT_LASTACTIONRESPONSE]
2016/05/31 18:10:41.972;DEBUG;(Variable.java:295);Value [createScriptInstance] has been stored in variable [AFT_LASTACTION]
2016/05/31 18:10:41.972;DEBUG;(Helper.java:463);Action value string [#AFT_LASTACTIONRESPONSE#] after substituting for variables/test data is [scriptInstance201605311810419721]
2016/05/31 18:10:41.972; INFO;(TestStepRunner.java:1594);Assigning result [scriptInstance201605311810419721] to Variable [#Helper#]
2016/05/31 18:10:41.972; INFO;(Helper.java:621);Parsing the parameters [#Helper#]
2016/05/31 18:10:41.972;DEBUG;(Variable.java:295);Value [scriptInstance201605311810419721] has been stored in variable [Helper]
2016/05/31 18:10:41.972;DEBUG;(Helper.java:463);Action value string [#AFT_TERMINATECURRENTTESTSUITE#] after substituting for variables/test data is [false]
2016/05/31 18:10:41.972;DEBUG;(Helper.java:463);Action value string [#AFT_TERMINATECURRENTTESTSCENARIO#] after substituting for variables/test data is [false]
2016/05/31 18:10:41.972;DEBUG;(Helper.java:463);Action value string [#AFT_TERMINATECURRENTTESTCASE#] after substituting for variables/test data is [false]
2016/05/31 18:10:41.972;DEBUG;(TestStepRunner.java:860);Calling action [createScriptInstance], Element Name [.\\library\\GlobalFoundries\\gf_xAFT.jar,com.ags.gf.mtqa.app.ECM], Element value [#ECM#]
2016/05/31 18:10:41.972;DEBUG;(Helper.java:463);Action value string [#ECM#] after substituting for variables/test data is []
2016/05/31 18:10:41.972;DEBUG;(Helper.java:463);Action value string [.\\library\\GlobalFoundries\\gf_xAFT.jar,com.ags.gf.mtqa.app.ECM] after substituting for variables/test data is [.\library\GlobalFoundries\gf_xAFT.jar,com.ags.gf.mtqa.app.ECM]
2016/05/31 18:10:41.972;DEBUG;(Parser.java:159);Calling actionValue [createScriptInstance], element Name [.\\library\\GlobalFoundries\\gf_xAFT.jar,com.ags.gf.mtqa.app.ECM], original value [.\\library\\GlobalFoundries\\gf_xAFT.jar,com.ags.gf.mtqa.app.ECM], parsed value []
2016/05/31 18:10:41.972; INFO;(ScriptRunner.java:110);User specified script [.\\library\\GlobalFoundries\\gf_xAFT.jar,com.ags.gf.mtqa.app.ECM]
2016/05/31 18:10:41.972;DEBUG;(ScriptRunner.java:1146);Jar file specified is [.\\library\\GlobalFoundries\\gf_xAFT.jar,com.ags.gf.mtqa.app.ECM]
2016/05/31 18:10:41.972;DEBUG;(Helper.java:463);Action value string [.\\library\\GlobalFoundries\\gf_xAFT.jar,com.ags.gf.mtqa.app.ECM] after substituting for variables/test data is [.\library\GlobalFoundries\gf_xAFT.jar,com.ags.gf.mtqa.app.ECM]
2016/05/31 18:10:41.972;DEBUG;(DynamicClassLoader.java:91);Loading the jarfile [.\library\GlobalFoundries\gf_xAFT.jar] in Runtime
2016/05/31 18:10:41.972;DEBUG;(DynamicClassLoader.java:93);Completed loading the jarfile [.\library\GlobalFoundries\gf_xAFT.jar] in Runtime
2016/05/31 18:10:41.972;DEBUG;(DynamicClassLoader.java:96);Loading the class [com.ags.gf.mtqa.app.ECM]
2016/05/31 18:10:41.972;DEBUG;(DynamicClassLoader.java:98);Completed loading the class [com.ags.gf.mtqa.app.ECM]
2016/05/31 18:10:41.972;DEBUG;(ScriptRunner.java:149);Successfully created instance of [com.ags.gf.mtqa.app.ECM] class
2016/05/31 18:10:41.972;DEBUG;(ScriptInstance.java:71);Script Instance object created for script file [.\library\GlobalFoundries\gf_xAFT.jar,com.ags.gf.mtqa.app.ECM]!
2016/05/31 18:10:41.972;DEBUG;(ScriptInstanceManager.java:71);Creating a unique script instance identifier
2016/05/31 18:10:41.972; INFO;(ScriptInstanceManager.java:81);Generated unique script instance identifier [scriptInstance201605311810419722]
2016/05/31 18:10:41.972; INFO;(ScriptInstanceManager.java:99);Added a new script instance identifier [scriptInstance201605311810419722]
2016/05/31 18:10:41.988; INFO;(ScriptRunner.java:219);Storing script instance [scriptInstance201605311810419722] in user variable [#ECM#]
2016/05/31 18:10:41.988; INFO;(Helper.java:621);Parsing the parameters [#ECM#]
2016/05/31 18:10:41.988;DEBUG;(Variable.java:295);Value [scriptInstance201605311810419722] has been stored in variable [ECM]
2016/05/31 18:10:41.988; INFO;(ScriptRunner.java:229);Storing script instance [scriptInstance201605311810419722] in system variable [AFT_CURRENTSCRIPTINSTANCE] by default
2016/05/31 18:10:41.988;DEBUG;(Variable.java:295);Value [scriptInstance201605311810419722] has been stored in variable [AFT_CURRENTSCRIPTINSTANCE]
2016/05/31 18:10:41.988;DEBUG;(ScriptRunner.java:257);Script identifier [scriptInstance201605311810419722] created for external script [.\library\GlobalFoundries\gf_xAFT.jar,com.ags.gf.mtqa.app.ECM]
2016/05/31 18:10:41.988;DEBUG;(Variable.java:295);Value [.\\library\\GlobalFoundries\\gf_xAFT.jar,com.ags.gf.mtqa.app.ECM] has been stored in variable [AFT_LASTOPERATEDCONTROL]
2016/05/31 18:10:41.988;DEBUG;(Variable.java:295);Value [scriptInstance201605311810419722] has been stored in variable [AFT_LASTACTIONRESPONSE]
2016/05/31 18:10:41.988;DEBUG;(Variable.java:295);Value [createScriptInstance] has been stored in variable [AFT_LASTACTION]
2016/05/31 18:10:41.988;DEBUG;(Helper.java:463);Action value string [#AFT_LASTACTIONRESPONSE#] after substituting for variables/test data is [scriptInstance201605311810419722]
2016/05/31 18:10:41.988; INFO;(TestStepRunner.java:1594);Assigning result [scriptInstance201605311810419722] to Variable [#ECM#]
2016/05/31 18:10:41.988; INFO;(Helper.java:621);Parsing the parameters [#ECM#]
2016/05/31 18:10:41.988;DEBUG;(Variable.java:295);Value [scriptInstance201605311810419722] has been stored in variable [ECM]
2016/05/31 18:10:41.988;DEBUG;(Helper.java:463);Action value string [#AFT_TERMINATECURRENTTESTSUITE#] after substituting for variables/test data is [false]
2016/05/31 18:10:41.988;DEBUG;(Helper.java:463);Action value string [#AFT_TERMINATECURRENTTESTSCENARIO#] after substituting for variables/test data is [false]
2016/05/31 18:10:41.988;DEBUG;(Helper.java:463);Action value string [#AFT_TERMINATECURRENTTESTCASE#] after substituting for variables/test data is [false]
2016/05/31 18:10:41.988;DEBUG;(TestStepRunner.java:845);Calling action [@useScriptInstance=#Helper#]
2016/05/31 18:10:41.988;DEBUG;(Helper.java:463);Action value string [#Helper#] after substituting for variables/test data is [scriptInstance201605311810419721]
2016/05/31 18:10:41.988;DEBUG;(TestStepRunner.java:1225);Execute the Annotation [@useScriptInstance], with the value [scriptInstance201605311810419721]
2016/05/31 18:10:41.988; INFO;(Parser.java:1585);Storing script instance [scriptInstance201605311810419721] in system variable [AFT_CURRENTSCRIPTINSTANCE] by default
2016/05/31 18:10:41.988; INFO;(ScriptInstanceManager.java:129);Trying to fetch stored script instance identifier [scriptInstance201605311810419721]
2016/05/31 18:10:41.988;DEBUG;(Variable.java:295);Value [scriptInstance201605311810419721] has been stored in variable [AFT_CURRENTSCRIPTINSTANCE]
2016/05/31 18:10:41.988;DEBUG;(Helper.java:463);Action value string [#AFT_IsEndOfTestData#] after substituting for variables/test data is [false]
2016/05/31 18:10:41.988; INFO;(TestStepRunner.java:588);Completed execution of Pre-steps for test case #RS_LoadProperties_1
2016/05/31 18:10:41.988; INFO;(TestStepRunner.java:564);Starting execution of Steps for test case #RS_LoadProperties_1
2016/05/31 18:10:41.988;DEBUG;(Helper.java:463);Action value string [#AFT_TERMINATECURRENTTESTSUITE#] after substituting for variables/test data is [false]
2016/05/31 18:10:41.988;DEBUG;(Helper.java:463);Action value string [#AFT_TERMINATECURRENTTESTSCENARIO#] after substituting for variables/test data is [false]
2016/05/31 18:10:41.988;DEBUG;(Helper.java:463);Action value string [#AFT_TERMINATECURRENTTESTCASE#] after substituting for variables/test data is [false]
2016/05/31 18:10:41.988;DEBUG;(TestStepRunner.java:860);Calling action [##loadProperties], Element Name [novalue], Element value [#AFT_AppConfig.ECMProperties#]
2016/05/31 18:10:41.988;DEBUG;(Variable.java:163);Looks like user has specified a AppConfig property. Let us retrieve the variable and verify it.
2016/05/31 18:10:41.988;DEBUG;(Variable.java:179);Found a AppConfig property [ECMProperties]
2016/05/31 18:10:41.988;DEBUG;(Variable.java:182);AppConfig property [ECMProperties], value [./resource/GlobalFoundries/ecm.properties]
2016/05/31 18:10:41.988;DEBUG;(Helper.java:463);Action value string [#AFT_AppConfig.ECMProperties#] after substituting for variables/test data is [./resource/GlobalFoundries/ecm.properties]
2016/05/31 18:10:41.988;DEBUG;(Parser.java:159);Calling actionValue [##loadProperties], element Name [novalue], original value [novalue], parsed value [./resource/GlobalFoundries/ecm.properties]
2016/05/31 18:10:41.988;DEBUG;(ScriptRunner.java:373);No script identifier specified. Using [AFT_LastScriptInstance]
2016/05/31 18:10:41.988;DEBUG;(ScriptRunner.java:377);Method to be invoked is [loadProperties]
2016/05/31 18:10:41.988;DEBUG;(ScriptRunner.java:381);Variable to store value returned by method is [novalue]
2016/05/31 18:10:41.988;DEBUG;(Helper.java:463);Action value string [#AFT_CURRENTSCRIPTINSTANCE#] after substituting for variables/test data is [scriptInstance201605311810419721]
2016/05/31 18:10:41.988; INFO;(ScriptInstanceManager.java:129);Trying to fetch stored script instance identifier [scriptInstance201605311810419721]
2016/05/31 18:10:41.988; INFO;(Helper.java:621);Parsing the parameters [#AFT_AppConfig.ECMProperties#]
2016/05/31 18:10:41.988;DEBUG;(Variable.java:163);Looks like user has specified a AppConfig property. Let us retrieve the variable and verify it.
2016/05/31 18:10:41.988;DEBUG;(Variable.java:179);Found a AppConfig property [ECMProperties]
2016/05/31 18:10:41.988;DEBUG;(Variable.java:182);AppConfig property [ECMProperties], value [./resource/GlobalFoundries/ecm.properties]
2016/05/31 18:10:41.988;DEBUG;(Helper.java:463);Action value string [#AFT_AppConfig.ECMProperties#] after substituting for variables/test data is [./resource/GlobalFoundries/ecm.properties]
2016/05/31 18:10:41.988; INFO;(ScriptRunner.java:615);Invoking function [loadProperties] with 1 parameter [./resource/GlobalFoundries/ecm.properties]
2016/05/31 18:10:41.988; INFO;(JCLLoggerAdapter.java:262);Loading properties from ./resource/GlobalFoundries/gf.properties...
2016/05/31 18:10:42.4; INFO;(JCLLoggerAdapter.java:262);Properties are loaded successfully
2016/05/31 18:10:42.4; INFO;(JCLLoggerAdapter.java:262);Loading properties from ./resource/GlobalFoundries/ecm.properties...
2016/05/31 18:10:42.4; INFO;(JCLLoggerAdapter.java:262);Properties are loaded successfully
2016/05/31 18:10:42.4; INFO;(Helper.java:621);Parsing the parameters [novalue]
2016/05/31 18:10:42.4;ERROR;(Variable.java:298);Variable name [novalue] specified looks invalid. Please check the syntax in test suite.
2016/05/31 18:10:42.4;DEBUG;(Variable.java:295);Value [] has been stored in variable [AFT_EXTERNALSCRIPTRETURNVALUE]
2016/05/31 18:10:42.4;DEBUG;(ScriptRunner.java:501);Returning value [] after executing method [loadProperties] for script identifier [scriptInstance201605311810419721]
2016/05/31 18:10:42.4;DEBUG;(Variable.java:295);Value [novalue] has been stored in variable [AFT_LASTOPERATEDCONTROL]
2016/05/31 18:10:42.4;DEBUG;(Variable.java:295);Value [] has been stored in variable [AFT_LASTACTIONRESPONSE]
2016/05/31 18:10:42.4;DEBUG;(Variable.java:295);Value [##loadProperties] has been stored in variable [AFT_LASTACTION]
2016/05/31 18:10:42.4;DEBUG;(Helper.java:463);Action value string [#AFT_LASTACTIONRESPONSE#] after substituting for variables/test data is []
2016/05/31 18:10:42.4; INFO;(TestStepRunner.java:588);Completed execution of Steps for test case #RS_LoadProperties_1
2016/05/31 18:10:42.4; INFO;(TestStepRunner.java:564);Starting execution of Post-steps for test case #RS_LoadProperties_1
2016/05/31 18:10:42.4; INFO;(TestStepRunner.java:588);Completed execution of Post-steps for test case #RS_LoadProperties_1
2016/05/31 18:10:42.4;DEBUG;(Helper.java:463);Action value string [#AFT_TERMINATECURRENTTESTSUITE#] after substituting for variables/test data is [false]
2016/05/31 18:10:42.4;DEBUG;(Helper.java:463);Action value string [#AFT_TERMINATECURRENTTESTSCENARIO#] after substituting for variables/test data is [false]
2016/05/31 18:10:42.4;DEBUG;(Helper.java:463);Action value string [#AFT_TERMINATECURRENTTESTCASE#] after substituting for variables/test data is [false]
2016/05/31 18:10:42.4; INFO;(TestSuiteRunner.java:887);Completed execution of Single functional business scenarios and test steps for #RS_LoadProperties
2016/05/31 18:10:42.4;DEBUG;(TestSuiteRunner.java:770);Completed execution of a scenario [RS_LoadProperties]. Poped out [RS_LoadProperties] from [executingResuableTestScenario] stack.
2016/05/31 18:10:42.4;DEBUG;(TestSuiteRunner.java:743);Starting execution of a scenario [TS_Login] in primary test suite. Pushing '' to [executingResuableTestScenario] stack.
2016/05/31 18:10:42.4; INFO;(TestSuiteRunner.java:801);Starting execution of business scenario id [TS_Login] and associated test steps in test suite file [.\testScripts\GlobalFoundries_TestSuite_ECM.xls]
2016/05/31 18:10:42.4; INFO;(TestSuiteRunner.java:827);Executing test steps. Execution flag for business scenario id [TS_Login], description [Login into the ECM using REST services] is [Y]
2016/05/31 18:10:42.4;DEBUG;(Variable.java:295);Value [TS_Login] has been stored in variable [AFT_CURBUSINESSSCENARIOID]
2016/05/31 18:10:42.4;DEBUG;(Variable.java:295);Value [Login into the ECM using REST services] has been stored in variable [AFT_CURBUSINESSSCENARIODESCRIPTION]
2016/05/31 18:10:42.4;DEBUG;(Helper.java:463);Action value string [#AFT_TOTALTESTSCENARIOS#] after substituting for variables/test data is [1]
2016/05/31 18:10:42.4;DEBUG;(Variable.java:295);Value [2] has been stored in variable [AFT_TOTALTESTSCENARIOS]
2016/05/31 18:10:42.4;DEBUG;(Variable.java:295);Value [TS_Login_1] has been stored in variable [AFT_CURTESTCASEID]
2016/05/31 18:10:42.4;DEBUG;(Variable.java:295);Value [Login into the ECM using REST services] has been stored in variable [AFT_CURTESTCASEDESCRIPTION]
2016/05/31 18:10:42.4;DEBUG;(Helper.java:463);Action value string [#AFT_TOTALTESTCASES#] after substituting for variables/test data is [1]
2016/05/31 18:10:42.4;DEBUG;(Variable.java:295);Value [2] has been stored in variable [AFT_TOTALTESTCASES]
2016/05/31 18:10:42.4;DEBUG;(Variable.java:295);Value [false] has been stored in variable [AFT_TERMINATECURRENTTESTCASE]
2016/05/31 18:10:42.4; INFO;(TestStepRunner.java:564);Starting execution of Pre-steps for test case #TS_Login_1
2016/05/31 18:10:42.4;DEBUG;(Helper.java:463);Action value string [#AFT_TERMINATECURRENTTESTSUITE#] after substituting for variables/test data is [false]
2016/05/31 18:10:42.4;DEBUG;(Helper.java:463);Action value string [#AFT_TERMINATECURRENTTESTSCENARIO#] after substituting for variables/test data is [false]
2016/05/31 18:10:42.4;DEBUG;(Helper.java:463);Action value string [#AFT_TERMINATECURRENTTESTCASE#] after substituting for variables/test data is [false]
2016/05/31 18:10:42.4;DEBUG;(TestStepRunner.java:860);Calling action [getTestDataRowNumber], Element Name [#RowID#], Element value [#AFT_appconfig.SheetName#,[[Automation_ID]],#AFT_CurBusinessScenarioId#]
2016/05/31 18:10:42.4;DEBUG;(Variable.java:163);Looks like user has specified a AppConfig property. Let us retrieve the variable and verify it.
2016/05/31 18:10:42.4;DEBUG;(Variable.java:179);Found a AppConfig property [SheetName]
2016/05/31 18:10:42.4;DEBUG;(Variable.java:182);AppConfig property [SheetName], value [ECM_Request]
2016/05/31 18:10:42.4;DEBUG;(Helper.java:463);Action value string [#AFT_appconfig.SheetName#,[[Automation_ID]],#AFT_CurBusinessScenarioId#] after substituting for variables/test data is [ECM_Request,Automation_ID,TS_Login]
2016/05/31 18:10:42.4;DEBUG;(Helper.java:463);Action value string [#RowID#] after substituting for variables/test data is []
2016/05/31 18:10:42.4;DEBUG;(Parser.java:159);Calling actionValue [getTestDataRowNumber], element Name [#RowID#], original value [#RowID#], parsed value [ECM_Request,Automation_ID,TS_Login]
2016/05/31 18:10:42.4; INFO;(Helper.java:621);Parsing the parameters [#AFT_appconfig.SheetName#,[[Automation_ID]],#AFT_CurBusinessScenarioId#]
2016/05/31 18:10:42.4;DEBUG;(Variable.java:163);Looks like user has specified a AppConfig property. Let us retrieve the variable and verify it.
2016/05/31 18:10:42.4;DEBUG;(Variable.java:179);Found a AppConfig property [SheetName]
2016/05/31 18:10:42.4;DEBUG;(Variable.java:182);AppConfig property [SheetName], value [ECM_Request]
2016/05/31 18:10:42.19;DEBUG;(Helper.java:463);Action value string [#AFT_appconfig.SheetName#] after substituting for variables/test data is [ECM_Request]
2016/05/31 18:10:42.19;DEBUG;(Helper.java:463);Action value string [#AFT_CurBusinessScenarioId#] after substituting for variables/test data is [TS_Login]
2016/05/31 18:10:42.19; INFO;(CommandFixtures.java:1462);Executing action [getTestDataRowNumber] for sheet [#AFT_appconfig.SheetName#,[[Automation_ID]],#AFT_CurBusinessScenarioId#]
2016/05/31 18:10:42.19;DEBUG;(ExcelRead.java:448);Reading test data from sheet [ecm_request]
2016/05/31 18:10:42.19;DEBUG;(ExcelRead.java:1012);Trying to read test data sheet [ecm_request]
2016/05/31 18:10:42.19;DEBUG;(Variable.java:295);Value [false] has been stored in variable [AFT_ISENDOFTESTDATA]
2016/05/31 18:10:42.19;DEBUG;(Variable.java:295);Value [#RowID#] has been stored in variable [AFT_LASTOPERATEDCONTROL]
2016/05/31 18:10:42.19;DEBUG;(Variable.java:295);Value [1] has been stored in variable [AFT_LASTACTIONRESPONSE]
2016/05/31 18:10:42.19;DEBUG;(Variable.java:295);Value [getTestDataRowNumber] has been stored in variable [AFT_LASTACTION]
2016/05/31 18:10:42.19;DEBUG;(Helper.java:463);Action value string [#AFT_LASTACTIONRESPONSE#] after substituting for variables/test data is [1]
2016/05/31 18:10:42.19; INFO;(TestStepRunner.java:1540);Assigning result [1] to Variable [#RowID#]
2016/05/31 18:10:42.19; INFO;(Helper.java:621);Parsing the parameters [#RowID#]
2016/05/31 18:10:42.19;DEBUG;(Variable.java:295);Value [1] has been stored in variable [RowID]
2016/05/31 18:10:42.19;DEBUG;(Helper.java:463);Action value string [#AFT_TERMINATECURRENTTESTSUITE#] after substituting for variables/test data is [false]
2016/05/31 18:10:42.19;DEBUG;(Helper.java:463);Action value string [#AFT_TERMINATECURRENTTESTSCENARIO#] after substituting for variables/test data is [false]
2016/05/31 18:10:42.19;DEBUG;(Helper.java:463);Action value string [#AFT_TERMINATECURRENTTESTCASE#] after substituting for variables/test data is [false]
2016/05/31 18:10:42.19;DEBUG;(TestStepRunner.java:845);Calling action [@setTestDataRow=#AFT_appconfig.SheetName#,#RowID#]
2016/05/31 18:10:42.19;DEBUG;(Variable.java:163);Looks like user has specified a AppConfig property. Let us retrieve the variable and verify it.
2016/05/31 18:10:42.19;DEBUG;(Variable.java:179);Found a AppConfig property [SheetName]
2016/05/31 18:10:42.19;DEBUG;(Variable.java:182);AppConfig property [SheetName], value [ECM_Request]
2016/05/31 18:10:42.19;DEBUG;(Helper.java:463);Action value string [#AFT_appconfig.SheetName#,#RowID#] after substituting for variables/test data is [ECM_Request,1]
2016/05/31 18:10:42.19;DEBUG;(TestStepRunner.java:1225);Execute the Annotation [@setTestDataRow], with the value [ECM_Request,1]
2016/05/31 18:10:42.19; INFO;(Parser.java:1247);Executing [@setTestDataRow] annotation with value [ECM_Request,1]
2016/05/31 18:10:42.19; INFO;(Parser.java:1260);Set test data rowid [1] for sheet [ecm_request]
2016/05/31 18:10:42.19;DEBUG;(Helper.java:463);Action value string [#AFT_IsEndOfTestData#] after substituting for variables/test data is [false]
2016/05/31 18:10:42.19;DEBUG;(Helper.java:463);Action value string [#AFT_TERMINATECURRENTTESTSUITE#] after substituting for variables/test data is [false]
2016/05/31 18:10:42.19;DEBUG;(Helper.java:463);Action value string [#AFT_TERMINATECURRENTTESTSCENARIO#] after substituting for variables/test data is [false]
2016/05/31 18:10:42.19;DEBUG;(Helper.java:463);Action value string [#AFT_TERMINATECURRENTTESTCASE#] after substituting for variables/test data is [false]
2016/05/31 18:10:42.19;DEBUG;(TestStepRunner.java:860);Calling action [copydata], Element Name [novalue], Element value [#AFT_appconfig.SheetName#,#sheetname#]
2016/05/31 18:10:42.19;DEBUG;(Variable.java:163);Looks like user has specified a AppConfig property. Let us retrieve the variable and verify it.
2016/05/31 18:10:42.19;DEBUG;(Variable.java:179);Found a AppConfig property [SheetName]
2016/05/31 18:10:42.19;DEBUG;(Variable.java:182);AppConfig property [SheetName], value [ECM_Request]
2016/05/31 18:10:42.19;DEBUG;(Helper.java:463);Action value string [#AFT_appconfig.SheetName#,#sheetname#] after substituting for variables/test data is [ECM_Request,]
2016/05/31 18:10:42.19;DEBUG;(Parser.java:159);Calling actionValue [copydata], element Name [novalue], original value [novalue], parsed value [ECM_Request,]
2016/05/31 18:10:42.19;DEBUG;(CommandFixtures.java:753);Executing [copyData] with value [#AFT_appconfig.SheetName#,#sheetname#]
2016/05/31 18:10:42.19; INFO;(Helper.java:621);Parsing the parameters [#AFT_appconfig.SheetName#,#sheetname#]
2016/05/31 18:10:42.19;DEBUG;(Variable.java:163);Looks like user has specified a AppConfig property. Let us retrieve the variable and verify it.
2016/05/31 18:10:42.19;DEBUG;(Variable.java:179);Found a AppConfig property [SheetName]
2016/05/31 18:10:42.19;DEBUG;(Variable.java:182);AppConfig property [SheetName], value [ECM_Request]
2016/05/31 18:10:42.19;DEBUG;(Helper.java:463);Action value string [#AFT_appconfig.SheetName#] after substituting for variables/test data is [ECM_Request]
2016/05/31 18:10:42.19;DEBUG;(CommandFixtures.java:797);Source value [#AFT_appconfig.SheetName#] is a variable or test data identifier. Actual value is [ECM_Request]
2016/05/31 18:10:42.19; INFO;(Helper.java:621);Parsing the parameters [#sheetname#]
2016/05/31 18:10:42.19;DEBUG;(Variable.java:295);Value [ECM_Request] has been stored in variable [sheetname]
2016/05/31 18:10:42.19; INFO;(CommandFixtures.java:820);Copied value [ECM_Request] to dynamic variable [#sheetname#]
2016/05/31 18:10:42.19;DEBUG;(Variable.java:295);Value [novalue] has been stored in variable [AFT_LASTOPERATEDCONTROL]
2016/05/31 18:10:42.19;DEBUG;(Variable.java:295);Value [] has been stored in variable [AFT_LASTACTIONRESPONSE]
2016/05/31 18:10:42.19;DEBUG;(Variable.java:295);Value [copydata] has been stored in variable [AFT_LASTACTION]
2016/05/31 18:10:42.19;DEBUG;(Helper.java:463);Action value string [#AFT_LASTACTIONRESPONSE#] after substituting for variables/test data is []
2016/05/31 18:10:42.19; INFO;(TestStepRunner.java:588);Completed execution of Pre-steps for test case #TS_Login_1
2016/05/31 18:10:42.19; INFO;(TestStepRunner.java:564);Starting execution of Steps for test case #TS_Login_1
2016/05/31 18:10:42.19;DEBUG;(Helper.java:463);Action value string [#AFT_TERMINATECURRENTTESTSUITE#] after substituting for variables/test data is [false]
2016/05/31 18:10:42.19;DEBUG;(Helper.java:463);Action value string [#AFT_TERMINATECURRENTTESTSCENARIO#] after substituting for variables/test data is [false]
2016/05/31 18:10:42.19;DEBUG;(Helper.java:463);Action value string [#AFT_TERMINATECURRENTTESTCASE#] after substituting for variables/test data is [false]
2016/05/31 18:10:42.19;DEBUG;(TestStepRunner.java:860);Calling action [executeReusableTestScenario], Element Name [novalue], Element value [RS_Connection]
2016/05/31 18:10:42.19;DEBUG;(Parser.java:159);Calling actionValue [executeReusableTestScenario], element Name [novalue], original value [novalue], parsed value [RS_Connection]
2016/05/31 18:10:42.19; INFO;(CommandFixtures.java:1307);Executing action [executeReusableTestScenario] for test scenario [RS_Connection]
2016/05/31 18:10:42.19;DEBUG;(Helper.java:463);Action value string [#AFT_CURBUSINESSSCENARIOID#] after substituting for variables/test data is [TS_Login]
2016/05/31 18:10:42.19;DEBUG;(Helper.java:463);Action value string [#AFT_CURRESBUSINESSSCENARIODESCRIPTION#] after substituting for variables/test data is [Load the required properties]
2016/05/31 18:10:42.19; INFO;(CommandFixtures.java:1336);Starting execution of business scenario id [RS_Connection] and associated test steps in test suite file [.\testScripts\GlobalFoundries_Reusable_ECM.xls]
2016/05/31 18:10:42.19;DEBUG;(TestSuiteRunner.java:749);Starting execution of a scenario [RS_Connection] in resuable test suite. Pushing [RS_Connection] to [executingResuableTestScenario] stack.
2016/05/31 18:10:42.19; INFO;(TestSuiteRunner.java:801);Starting execution of business scenario id [RS_Connection] and associated test steps in test suite file [.\testScripts\GlobalFoundries_Reusable_ECM.xls]
2016/05/31 18:10:42.19; INFO;(TestSuiteRunner.java:827);Executing test steps. Execution flag for business scenario id [RS_Connection], description [Login for ECM REST API] is [Y]
2016/05/31 18:10:42.19;DEBUG;(Variable.java:295);Value [RS_Connection] has been stored in variable [AFT_CURRESBUSINESSSCENARIOID]
2016/05/31 18:10:42.19;DEBUG;(Variable.java:295);Value [Login for ECM REST API] has been stored in variable [AFT_CURRESBUSINESSSCENARIODESCRIPTION]
2016/05/31 18:10:42.19;DEBUG;(Helper.java:463);Action value string [#AFT_TOTALTESTSCENARIOS#] after substituting for variables/test data is [2]
2016/05/31 18:10:42.19;DEBUG;(Variable.java:295);Value [3] has been stored in variable [AFT_TOTALTESTSCENARIOS]
2016/05/31 18:10:42.19;DEBUG;(Variable.java:295);Value [RS_Connection_1] has been stored in variable [AFT_CURTESTCASEID]
2016/05/31 18:10:42.19;DEBUG;(Variable.java:295);Value [Login into the ECM application] has been stored in variable [AFT_CURTESTCASEDESCRIPTION]
2016/05/31 18:10:42.19;DEBUG;(Helper.java:463);Action value string [#AFT_TOTALTESTCASES#] after substituting for variables/test data is [2]
2016/05/31 18:10:42.19;DEBUG;(Variable.java:295);Value [3] has been stored in variable [AFT_TOTALTESTCASES]
2016/05/31 18:10:42.19;DEBUG;(Variable.java:295);Value [false] has been stored in variable [AFT_TERMINATECURRENTTESTCASE]
2016/05/31 18:10:42.19; INFO;(TestStepRunner.java:564);Starting execution of Pre-steps for test case #RS_Connection_1
2016/05/31 18:10:42.19;DEBUG;(Helper.java:463);Action value string [#AFT_TERMINATECURRENTTESTSUITE#] after substituting for variables/test data is [false]
2016/05/31 18:10:42.19;DEBUG;(Helper.java:463);Action value string [#AFT_TERMINATECURRENTTESTSCENARIO#] after substituting for variables/test data is [false]
2016/05/31 18:10:42.19;DEBUG;(Helper.java:463);Action value string [#AFT_TERMINATECURRENTTESTCASE#] after substituting for variables/test data is [false]
2016/05/31 18:10:42.35;DEBUG;(TestStepRunner.java:845);Calling action [@useScriptInstance=#ECM#]
2016/05/31 18:10:42.35;DEBUG;(Helper.java:463);Action value string [#ECM#] after substituting for variables/test data is [scriptInstance201605311810419722]
2016/05/31 18:10:42.35;DEBUG;(TestStepRunner.java:1225);Execute the Annotation [@useScriptInstance], with the value [scriptInstance201605311810419722]
2016/05/31 18:10:42.35; INFO;(Parser.java:1585);Storing script instance [scriptInstance201605311810419722] in system variable [AFT_CURRENTSCRIPTINSTANCE] by default
2016/05/31 18:10:42.35; INFO;(ScriptInstanceManager.java:129);Trying to fetch stored script instance identifier [scriptInstance201605311810419722]
2016/05/31 18:10:42.35;DEBUG;(Variable.java:295);Value [scriptInstance201605311810419722] has been stored in variable [AFT_CURRENTSCRIPTINSTANCE]
2016/05/31 18:10:42.35;DEBUG;(Helper.java:463);Action value string [#AFT_IsEndOfTestData#] after substituting for variables/test data is [false]
2016/05/31 18:10:42.35;DEBUG;(Helper.java:463);Action value string [#AFT_TERMINATECURRENTTESTSUITE#] after substituting for variables/test data is [false]
2016/05/31 18:10:42.35;DEBUG;(Helper.java:463);Action value string [#AFT_TERMINATECURRENTTESTSCENARIO#] after substituting for variables/test data is [false]
2016/05/31 18:10:42.35;DEBUG;(Helper.java:463);Action value string [#AFT_TERMINATECURRENTTESTCASE#] after substituting for variables/test data is [false]
2016/05/31 18:10:42.35;DEBUG;(TestStepRunner.java:860);Calling action [##closeConnection], Element Name [novalue], Element value [novalue]
2016/05/31 18:10:42.35;DEBUG;(Parser.java:159);Calling actionValue [##closeConnection], element Name [novalue], original value [novalue], parsed value []
2016/05/31 18:10:42.35;DEBUG;(ScriptRunner.java:373);No script identifier specified. Using [AFT_LastScriptInstance]
2016/05/31 18:10:42.35;DEBUG;(ScriptRunner.java:377);Method to be invoked is [closeConnection]
2016/05/31 18:10:42.35;DEBUG;(ScriptRunner.java:381);Variable to store value returned by method is [novalue]
2016/05/31 18:10:42.35;DEBUG;(Helper.java:463);Action value string [#AFT_CURRENTSCRIPTINSTANCE#] after substituting for variables/test data is [scriptInstance201605311810419722]
2016/05/31 18:10:42.35; INFO;(ScriptInstanceManager.java:129);Trying to fetch stored script instance identifier [scriptInstance201605311810419722]
2016/05/31 18:10:42.35; INFO;(ScriptRunner.java:595);Invoking function [closeConnection] with no parameters.
2016/05/31 18:10:42.35; INFO;(Helper.java:621);Parsing the parameters [novalue]
2016/05/31 18:10:42.35;ERROR;(Variable.java:298);Variable name [novalue] specified looks invalid. Please check the syntax in test suite.
2016/05/31 18:10:42.35;DEBUG;(Variable.java:295);Value [] has been stored in variable [AFT_EXTERNALSCRIPTRETURNVALUE]
2016/05/31 18:10:42.35;DEBUG;(ScriptRunner.java:501);Returning value [] after executing method [closeConnection] for script identifier [scriptInstance201605311810419722]
2016/05/31 18:10:42.35;DEBUG;(Variable.java:295);Value [novalue] has been stored in variable [AFT_LASTOPERATEDCONTROL]
2016/05/31 18:10:42.35;DEBUG;(Variable.java:295);Value [] has been stored in variable [AFT_LASTACTIONRESPONSE]
2016/05/31 18:10:42.35;DEBUG;(Variable.java:295);Value [##closeConnection] has been stored in variable [AFT_LASTACTION]
2016/05/31 18:10:42.35;DEBUG;(Helper.java:463);Action value string [#AFT_LASTACTIONRESPONSE#] after substituting for variables/test data is []
2016/05/31 18:10:42.35;DEBUG;(Helper.java:463);Action value string [#AFT_TERMINATECURRENTTESTSUITE#] after substituting for variables/test data is [false]
2016/05/31 18:10:42.35;DEBUG;(Helper.java:463);Action value string [#AFT_TERMINATECURRENTTESTSCENARIO#] after substituting for variables/test data is [false]
2016/05/31 18:10:42.35;DEBUG;(Helper.java:463);Action value string [#AFT_TERMINATECURRENTTESTCASE#] after substituting for variables/test data is [false]
2016/05/31 18:10:42.35;DEBUG;(TestStepRunner.java:860);Calling action [executeReusableTestScenario], Element Name [novalue], Element value [RS_LoadProperties]
2016/05/31 18:10:42.35;DEBUG;(Parser.java:159);Calling actionValue [executeReusableTestScenario], element Name [novalue], original value [novalue], parsed value [RS_LoadProperties]
2016/05/31 18:10:42.35; INFO;(CommandFixtures.java:1307);Executing action [executeReusableTestScenario] for test scenario [RS_LoadProperties]
2016/05/31 18:10:42.35;DEBUG;(Helper.java:463);Action value string [#AFT_CURBUSINESSSCENARIOID#] after substituting for variables/test data is [TS_Login]
2016/05/31 18:10:42.35;DEBUG;(Helper.java:463);Action value string [#AFT_CURRESBUSINESSSCENARIODESCRIPTION#] after substituting for variables/test data is [Login for ECM REST API]
2016/05/31 18:10:42.35; INFO;(CommandFixtures.java:1336);Starting execution of business scenario id [RS_LoadProperties] and associated test steps in test suite file [.\testScripts\GlobalFoundries_Reusable_ECM.xls]
2016/05/31 18:10:42.35;DEBUG;(TestSuiteRunner.java:749);Starting execution of a scenario [RS_LoadProperties] in resuable test suite. Pushing [RS_LoadProperties] to [executingResuableTestScenario] stack.
2016/05/31 18:10:42.35; INFO;(TestSuiteRunner.java:801);Starting execution of business scenario id [RS_LoadProperties] and associated test steps in test suite file [.\testScripts\GlobalFoundries_Reusable_ECM.xls]
2016/05/31 18:10:42.35; INFO;(TestSuiteRunner.java:827);Executing test steps. Execution flag for business scenario id [RS_LoadProperties], description [Load the required properties] is [Y]
2016/05/31 18:10:42.35;DEBUG;(Variable.java:295);Value [RS_LoadProperties] has been stored in variable [AFT_CURRESBUSINESSSCENARIOID]
2016/05/31 18:10:42.35;DEBUG;(Variable.java:295);Value [Load the required properties] has been stored in variable [AFT_CURRESBUSINESSSCENARIODESCRIPTION]
2016/05/31 18:10:42.35;DEBUG;(Helper.java:463);Action value string [#AFT_TOTALTESTSCENARIOS#] after substituting for variables/test data is [3]
2016/05/31 18:10:42.35;DEBUG;(Variable.java:295);Value [4] has been stored in variable [AFT_TOTALTESTSCENARIOS]
2016/05/31 18:10:42.35;DEBUG;(Variable.java:295);Value [RS_LoadProperties_1] has been stored in variable [AFT_CURTESTCASEID]
2016/05/31 18:10:42.35;DEBUG;(Variable.java:295);Value [Load the required properties] has been stored in variable [AFT_CURTESTCASEDESCRIPTION]
2016/05/31 18:10:42.35;DEBUG;(Helper.java:463);Action value string [#AFT_TOTALTESTCASES#] after substituting for variables/test data is [3]
2016/05/31 18:10:42.35;DEBUG;(Variable.java:295);Value [4] has been stored in variable [AFT_TOTALTESTCASES]
2016/05/31 18:10:42.35;DEBUG;(Variable.java:295);Value [false] has been stored in variable [AFT_TERMINATECURRENTTESTCASE]
2016/05/31 18:10:42.35; INFO;(TestStepRunner.java:564);Starting execution of Pre-steps for test case #RS_LoadProperties_1
2016/05/31 18:10:42.35;DEBUG;(Helper.java:463);Action value string [#AFT_TERMINATECURRENTTESTSUITE#] after substituting for variables/test data is [false]
2016/05/31 18:10:42.35;DEBUG;(Helper.java:463);Action value string [#AFT_TERMINATECURRENTTESTSCENARIO#] after substituting for variables/test data is [false]
2016/05/31 18:10:42.35;DEBUG;(Helper.java:463);Action value string [#AFT_TERMINATECURRENTTESTCASE#] after substituting for variables/test data is [false]
2016/05/31 18:10:42.35;DEBUG;(TestStepRunner.java:860);Calling action [createScriptInstance], Element Name [.\\library\\GlobalFoundries\\gf_xAFT.jar,com.ags.util.Helper], Element value [#Helper#]
2016/05/31 18:10:42.35;DEBUG;(Helper.java:463);Action value string [#Helper#] after substituting for variables/test data is [scriptInstance201605311810419721]
2016/05/31 18:10:42.35;DEBUG;(Helper.java:463);Action value string [.\\library\\GlobalFoundries\\gf_xAFT.jar,com.ags.util.Helper] after substituting for variables/test data is [.\library\GlobalFoundries\gf_xAFT.jar,com.ags.util.Helper]
2016/05/31 18:10:42.35;DEBUG;(Parser.java:159);Calling actionValue [createScriptInstance], element Name [.\\library\\GlobalFoundries\\gf_xAFT.jar,com.ags.util.Helper], original value [.\\library\\GlobalFoundries\\gf_xAFT.jar,com.ags.util.Helper], parsed value [scriptInstance201605311810419721]
2016/05/31 18:10:42.35; INFO;(ScriptRunner.java:110);User specified script [.\\library\\GlobalFoundries\\gf_xAFT.jar,com.ags.util.Helper]
2016/05/31 18:10:42.35;DEBUG;(ScriptRunner.java:1146);Jar file specified is [.\\library\\GlobalFoundries\\gf_xAFT.jar,com.ags.util.Helper]
2016/05/31 18:10:42.35;DEBUG;(Helper.java:463);Action value string [.\\library\\GlobalFoundries\\gf_xAFT.jar,com.ags.util.Helper] after substituting for variables/test data is [.\library\GlobalFoundries\gf_xAFT.jar,com.ags.util.Helper]
2016/05/31 18:10:42.35;DEBUG;(DynamicClassLoader.java:91);Loading the jarfile [.\library\GlobalFoundries\gf_xAFT.jar] in Runtime
2016/05/31 18:10:42.35;DEBUG;(DynamicClassLoader.java:93);Completed loading the jarfile [.\library\GlobalFoundries\gf_xAFT.jar] in Runtime
2016/05/31 18:10:42.35;DEBUG;(DynamicClassLoader.java:96);Loading the class [com.ags.util.Helper]
2016/05/31 18:10:42.35;DEBUG;(DynamicClassLoader.java:98);Completed loading the class [com.ags.util.Helper]
2016/05/31 18:10:42.35;DEBUG;(ScriptRunner.java:149);Successfully created instance of [com.ags.util.Helper] class
2016/05/31 18:10:42.35;DEBUG;(ScriptInstance.java:71);Script Instance object created for script file [.\library\GlobalFoundries\gf_xAFT.jar,com.ags.util.Helper]!
2016/05/31 18:10:42.35;DEBUG;(ScriptInstanceManager.java:71);Creating a unique script instance identifier
2016/05/31 18:10:42.35; INFO;(ScriptInstanceManager.java:81);Generated unique script instance identifier [scriptInstance20160531181042353]
2016/05/31 18:10:42.35; INFO;(ScriptInstanceManager.java:99);Added a new script instance identifier [scriptInstance20160531181042353]
2016/05/31 18:10:42.35; INFO;(ScriptRunner.java:219);Storing script instance [scriptInstance20160531181042353] in user variable [#Helper#]
2016/05/31 18:10:42.35; INFO;(Helper.java:621);Parsing the parameters [#Helper#]
2016/05/31 18:10:42.35;DEBUG;(Variable.java:295);Value [scriptInstance20160531181042353] has been stored in variable [Helper]
2016/05/31 18:10:42.35; INFO;(ScriptRunner.java:229);Storing script instance [scriptInstance20160531181042353] in system variable [AFT_CURRENTSCRIPTINSTANCE] by default
2016/05/31 18:10:42.35;DEBUG;(Variable.java:295);Value [scriptInstance20160531181042353] has been stored in variable [AFT_CURRENTSCRIPTINSTANCE]
2016/05/31 18:10:42.35;DEBUG;(ScriptRunner.java:257);Script identifier [scriptInstance20160531181042353] created for external script [.\library\GlobalFoundries\gf_xAFT.jar,com.ags.util.Helper]
2016/05/31 18:10:42.35;DEBUG;(Variable.java:295);Value [.\\library\\GlobalFoundries\\gf_xAFT.jar,com.ags.util.Helper] has been stored in variable [AFT_LASTOPERATEDCONTROL]
2016/05/31 18:10:42.35;DEBUG;(Variable.java:295);Value [scriptInstance20160531181042353] has been stored in variable [AFT_LASTACTIONRESPONSE]
2016/05/31 18:10:42.35;DEBUG;(Variable.java:295);Value [createScriptInstance] has been stored in variable [AFT_LASTACTION]
2016/05/31 18:10:42.35;DEBUG;(Helper.java:463);Action value string [#AFT_LASTACTIONRESPONSE#] after substituting for variables/test data is [scriptInstance20160531181042353]
2016/05/31 18:10:42.35; INFO;(TestStepRunner.java:1594);Assigning result [scriptInstance20160531181042353] to Variable [#Helper#]
2016/05/31 18:10:42.35; INFO;(Helper.java:621);Parsing the parameters [#Helper#]
2016/05/31 18:10:42.35;DEBUG;(Variable.java:295);Value [scriptInstance20160531181042353] has been stored in variable [Helper]
2016/05/31 18:10:42.35;DEBUG;(Helper.java:463);Action value string [#AFT_TERMINATECURRENTTESTSUITE#] after substituting for variables/test data is [false]
2016/05/31 18:10:42.50;DEBUG;(Helper.java:463);Action value string [#AFT_TERMINATECURRENTTESTSCENARIO#] after substituting for variables/test data is [false]
2016/05/31 18:10:42.50;DEBUG;(Helper.java:463);Action value string [#AFT_TERMINATECURRENTTESTCASE#] after substituting for variables/test data is [false]
2016/05/31 18:10:42.50;DEBUG;(TestStepRunner.java:860);Calling action [createScriptInstance], Element Name [.\\library\\GlobalFoundries\\gf_xAFT.jar,com.ags.gf.mtqa.app.ECM], Element value [#ECM#]
2016/05/31 18:10:42.50;DEBUG;(Helper.java:463);Action value string [#ECM#] after substituting for variables/test data is [scriptInstance201605311810419722]
2016/05/31 18:10:42.50;DEBUG;(Helper.java:463);Action value string [.\\library\\GlobalFoundries\\gf_xAFT.jar,com.ags.gf.mtqa.app.ECM] after substituting for variables/test data is [.\library\GlobalFoundries\gf_xAFT.jar,com.ags.gf.mtqa.app.ECM]
2016/05/31 18:10:42.50;DEBUG;(Parser.java:159);Calling actionValue [createScriptInstance], element Name [.\\library\\GlobalFoundries\\gf_xAFT.jar,com.ags.gf.mtqa.app.ECM], original value [.\\library\\GlobalFoundries\\gf_xAFT.jar,com.ags.gf.mtqa.app.ECM], parsed value [scriptInstance201605311810419722]
2016/05/31 18:10:42.50; INFO;(ScriptRunner.java:110);User specified script [.\\library\\GlobalFoundries\\gf_xAFT.jar,com.ags.gf.mtqa.app.ECM]
2016/05/31 18:10:42.50;DEBUG;(ScriptRunner.java:1146);Jar file specified is [.\\library\\GlobalFoundries\\gf_xAFT.jar,com.ags.gf.mtqa.app.ECM]
2016/05/31 18:10:42.50;DEBUG;(Helper.java:463);Action value string [.\\library\\GlobalFoundries\\gf_xAFT.jar,com.ags.gf.mtqa.app.ECM] after substituting for variables/test data is [.\library\GlobalFoundries\gf_xAFT.jar,com.ags.gf.mtqa.app.ECM]
2016/05/31 18:10:42.50;DEBUG;(DynamicClassLoader.java:91);Loading the jarfile [.\library\GlobalFoundries\gf_xAFT.jar] in Runtime
2016/05/31 18:10:42.50;DEBUG;(DynamicClassLoader.java:93);Completed loading the jarfile [.\library\GlobalFoundries\gf_xAFT.jar] in Runtime
2016/05/31 18:10:42.50;DEBUG;(DynamicClassLoader.java:96);Loading the class [com.ags.gf.mtqa.app.ECM]
2016/05/31 18:10:42.50;DEBUG;(DynamicClassLoader.java:98);Completed loading the class [com.ags.gf.mtqa.app.ECM]
2016/05/31 18:10:42.50;DEBUG;(ScriptRunner.java:149);Successfully created instance of [com.ags.gf.mtqa.app.ECM] class
2016/05/31 18:10:42.50;DEBUG;(ScriptInstance.java:71);Script Instance object created for script file [.\library\GlobalFoundries\gf_xAFT.jar,com.ags.gf.mtqa.app.ECM]!
2016/05/31 18:10:42.50;DEBUG;(ScriptInstanceManager.java:71);Creating a unique script instance identifier
2016/05/31 18:10:42.50; INFO;(ScriptInstanceManager.java:81);Generated unique script instance identifier [scriptInstance20160531181042504]
2016/05/31 18:10:42.50; INFO;(ScriptInstanceManager.java:99);Added a new script instance identifier [scriptInstance20160531181042504]
2016/05/31 18:10:42.50; INFO;(ScriptRunner.java:219);Storing script instance [scriptInstance20160531181042504] in user variable [#ECM#]
2016/05/31 18:10:42.50; INFO;(Helper.java:621);Parsing the parameters [#ECM#]
2016/05/31 18:10:42.50;DEBUG;(Variable.java:295);Value [scriptInstance20160531181042504] has been stored in variable [ECM]
2016/05/31 18:10:42.50; INFO;(ScriptRunner.java:229);Storing script instance [scriptInstance20160531181042504] in system variable [AFT_CURRENTSCRIPTINSTANCE] by default
2016/05/31 18:10:42.50;DEBUG;(Variable.java:295);Value [scriptInstance20160531181042504] has been stored in variable [AFT_CURRENTSCRIPTINSTANCE]
2016/05/31 18:10:42.50;DEBUG;(ScriptRunner.java:257);Script identifier [scriptInstance20160531181042504] created for external script [.\library\GlobalFoundries\gf_xAFT.jar,com.ags.gf.mtqa.app.ECM]
2016/05/31 18:10:42.50;DEBUG;(Variable.java:295);Value [.\\library\\GlobalFoundries\\gf_xAFT.jar,com.ags.gf.mtqa.app.ECM] has been stored in variable [AFT_LASTOPERATEDCONTROL]
2016/05/31 18:10:42.50;DEBUG;(Variable.java:295);Value [scriptInstance20160531181042504] has been stored in variable [AFT_LASTACTIONRESPONSE]
2016/05/31 18:10:42.50;DEBUG;(Variable.java:295);Value [createScriptInstance] has been stored in variable [AFT_LASTACTION]
2016/05/31 18:10:42.50;DEBUG;(Helper.java:463);Action value string [#AFT_LASTACTIONRESPONSE#] after substituting for variables/test data is [scriptInstance20160531181042504]
2016/05/31 18:10:42.50; INFO;(TestStepRunner.java:1594);Assigning result [scriptInstance20160531181042504] to Variable [#ECM#]
2016/05/31 18:10:42.50; INFO;(Helper.java:621);Parsing the parameters [#ECM#]
2016/05/31 18:10:42.50;DEBUG;(Variable.java:295);Value [scriptInstance20160531181042504] has been stored in variable [ECM]
2016/05/31 18:10:42.50;DEBUG;(Helper.java:463);Action value string [#AFT_TERMINATECURRENTTESTSUITE#] after substituting for variables/test data is [false]
2016/05/31 18:10:42.50;DEBUG;(Helper.java:463);Action value string [#AFT_TERMINATECURRENTTESTSCENARIO#] after substituting for variables/test data is [false]
2016/05/31 18:10:42.50;DEBUG;(Helper.java:463);Action value string [#AFT_TERMINATECURRENTTESTCASE#] after substituting for variables/test data is [false]
2016/05/31 18:10:42.50;DEBUG;(TestStepRunner.java:845);Calling action [@useScriptInstance=#Helper#]
2016/05/31 18:10:42.50;DEBUG;(Helper.java:463);Action value string [#Helper#] after substituting for variables/test data is [scriptInstance20160531181042353]
2016/05/31 18:10:42.50;DEBUG;(TestStepRunner.java:1225);Execute the Annotation [@useScriptInstance], with the value [scriptInstance20160531181042353]
2016/05/31 18:10:42.50; INFO;(Parser.java:1585);Storing script instance [scriptInstance20160531181042353] in system variable [AFT_CURRENTSCRIPTINSTANCE] by default
2016/05/31 18:10:42.50; INFO;(ScriptInstanceManager.java:129);Trying to fetch stored script instance identifier [scriptInstance20160531181042353]
2016/05/31 18:10:42.50;DEBUG;(Variable.java:295);Value [scriptInstance20160531181042353] has been stored in variable [AFT_CURRENTSCRIPTINSTANCE]
2016/05/31 18:10:42.50;DEBUG;(Helper.java:463);Action value string [#AFT_IsEndOfTestData#] after substituting for variables/test data is [false]
2016/05/31 18:10:42.50; INFO;(TestStepRunner.java:588);Completed execution of Pre-steps for test case #RS_LoadProperties_1
2016/05/31 18:10:42.50; INFO;(TestStepRunner.java:564);Starting execution of Steps for test case #RS_LoadProperties_1
2016/05/31 18:10:42.50;DEBUG;(Helper.java:463);Action value string [#AFT_TERMINATECURRENTTESTSUITE#] after substituting for variables/test data is [false]
2016/05/31 18:10:42.50;DEBUG;(Helper.java:463);Action value string [#AFT_TERMINATECURRENTTESTSCENARIO#] after substituting for variables/test data is [false]
2016/05/31 18:10:42.50;DEBUG;(Helper.java:463);Action value string [#AFT_TERMINATECURRENTTESTCASE#] after substituting for variables/test data is [false]
2016/05/31 18:10:42.50;DEBUG;(TestStepRunner.java:860);Calling action [##loadProperties], Element Name [novalue], Element value [#AFT_AppConfig.ECMProperties#]
2016/05/31 18:10:42.50;DEBUG;(Variable.java:163);Looks like user has specified a AppConfig property. Let us retrieve the variable and verify it.
2016/05/31 18:10:42.50;DEBUG;(Variable.java:179);Found a AppConfig property [ECMProperties]
2016/05/31 18:10:42.50;DEBUG;(Variable.java:182);AppConfig property [ECMProperties], value [./resource/GlobalFoundries/ecm.properties]
2016/05/31 18:10:42.50;DEBUG;(Helper.java:463);Action value string [#AFT_AppConfig.ECMProperties#] after substituting for variables/test data is [./resource/GlobalFoundries/ecm.properties]
2016/05/31 18:10:42.50;DEBUG;(Parser.java:159);Calling actionValue [##loadProperties], element Name [novalue], original value [novalue], parsed value [./resource/GlobalFoundries/ecm.properties]
2016/05/31 18:10:42.50;DEBUG;(ScriptRunner.java:373);No script identifier specified. Using [AFT_LastScriptInstance]
2016/05/31 18:10:42.50;DEBUG;(ScriptRunner.java:377);Method to be invoked is [loadProperties]
2016/05/31 18:10:42.50;DEBUG;(ScriptRunner.java:381);Variable to store value returned by method is [novalue]
2016/05/31 18:10:42.50;DEBUG;(Helper.java:463);Action value string [#AFT_CURRENTSCRIPTINSTANCE#] after substituting for variables/test data is [scriptInstance20160531181042353]
2016/05/31 18:10:42.50; INFO;(ScriptInstanceManager.java:129);Trying to fetch stored script instance identifier [scriptInstance20160531181042353]
2016/05/31 18:10:42.50; INFO;(Helper.java:621);Parsing the parameters [#AFT_AppConfig.ECMProperties#]
2016/05/31 18:10:42.50;DEBUG;(Variable.java:163);Looks like user has specified a AppConfig property. Let us retrieve the variable and verify it.
2016/05/31 18:10:42.50;DEBUG;(Variable.java:179);Found a AppConfig property [ECMProperties]
2016/05/31 18:10:42.50;DEBUG;(Variable.java:182);AppConfig property [ECMProperties], value [./resource/GlobalFoundries/ecm.properties]
2016/05/31 18:10:42.50;DEBUG;(Helper.java:463);Action value string [#AFT_AppConfig.ECMProperties#] after substituting for variables/test data is [./resource/GlobalFoundries/ecm.properties]
2016/05/31 18:10:42.50; INFO;(ScriptRunner.java:615);Invoking function [loadProperties] with 1 parameter [./resource/GlobalFoundries/ecm.properties]
2016/05/31 18:10:42.50; INFO;(JCLLoggerAdapter.java:262);Loading properties from ./resource/GlobalFoundries/ecm.properties...
2016/05/31 18:10:42.50; INFO;(JCLLoggerAdapter.java:262);Properties are loaded successfully
2016/05/31 18:10:42.50; INFO;(Helper.java:621);Parsing the parameters [novalue]
2016/05/31 18:10:42.66;ERROR;(Variable.java:298);Variable name [novalue] specified looks invalid. Please check the syntax in test suite.
2016/05/31 18:10:42.66;DEBUG;(Variable.java:295);Value [] has been stored in variable [AFT_EXTERNALSCRIPTRETURNVALUE]
2016/05/31 18:10:42.66;DEBUG;(ScriptRunner.java:501);Returning value [] after executing method [loadProperties] for script identifier [scriptInstance20160531181042353]
2016/05/31 18:10:42.66;DEBUG;(Variable.java:295);Value [novalue] has been stored in variable [AFT_LASTOPERATEDCONTROL]
2016/05/31 18:10:42.66;DEBUG;(Variable.java:295);Value [] has been stored in variable [AFT_LASTACTIONRESPONSE]
2016/05/31 18:10:42.66;DEBUG;(Variable.java:295);Value [##loadProperties] has been stored in variable [AFT_LASTACTION]
2016/05/31 18:10:42.66;DEBUG;(Helper.java:463);Action value string [#AFT_LASTACTIONRESPONSE#] after substituting for variables/test data is []
2016/05/31 18:10:42.66; INFO;(TestStepRunner.java:588);Completed execution of Steps for test case #RS_LoadProperties_1
2016/05/31 18:10:42.66; INFO;(TestStepRunner.java:564);Starting execution of Post-steps for test case #RS_LoadProperties_1
2016/05/31 18:10:42.66; INFO;(TestStepRunner.java:588);Completed execution of Post-steps for test case #RS_LoadProperties_1
2016/05/31 18:10:42.66;DEBUG;(Helper.java:463);Action value string [#AFT_TERMINATECURRENTTESTSUITE#] after substituting for variables/test data is [false]
2016/05/31 18:10:42.66;DEBUG;(Helper.java:463);Action value string [#AFT_TERMINATECURRENTTESTSCENARIO#] after substituting for variables/test data is [false]
2016/05/31 18:10:42.66;DEBUG;(Helper.java:463);Action value string [#AFT_TERMINATECURRENTTESTCASE#] after substituting for variables/test data is [false]
2016/05/31 18:10:42.66; INFO;(TestSuiteRunner.java:887);Completed execution of Single functional business scenarios and test steps for #RS_LoadProperties
2016/05/31 18:10:42.66;DEBUG;(TestSuiteRunner.java:770);Completed execution of a scenario [RS_LoadProperties]. Poped out [RS_LoadProperties] from [executingResuableTestScenario] stack.
2016/05/31 18:10:42.66;DEBUG;(Variable.java:295);Value [TS_Login] has been stored in variable [AFT_CURRESBUSINESSSCENARIOID]
2016/05/31 18:10:42.66;DEBUG;(Variable.java:295);Value [Login for ECM REST API] has been stored in variable [AFT_CURRESBUSINESSSCENARIODESCRIPTION]
2016/05/31 18:10:42.66;DEBUG;(Variable.java:295);Value [novalue] has been stored in variable [AFT_LASTOPERATEDCONTROL]
2016/05/31 18:10:42.66;DEBUG;(Variable.java:295);Value [] has been stored in variable [AFT_LASTACTIONRESPONSE]
2016/05/31 18:10:42.66;DEBUG;(Variable.java:295);Value [executeReusableTestScenario] has been stored in variable [AFT_LASTACTION]
2016/05/31 18:10:42.66;DEBUG;(Helper.java:463);Action value string [#AFT_LASTACTIONRESPONSE#] after substituting for variables/test data is []
2016/05/31 18:10:42.66;DEBUG;(Helper.java:463);Action value string [#AFT_TERMINATECURRENTTESTSUITE#] after substituting for variables/test data is [false]
2016/05/31 18:10:42.66;DEBUG;(Helper.java:463);Action value string [#AFT_TERMINATECURRENTTESTSCENARIO#] after substituting for variables/test data is [false]
2016/05/31 18:10:42.66;DEBUG;(Helper.java:463);Action value string [#AFT_TERMINATECURRENTTESTCASE#] after substituting for variables/test data is [false]
2016/05/31 18:10:42.66;DEBUG;(TestStepRunner.java:845);Calling action [@useScriptInstance=#ECM#]
2016/05/31 18:10:42.66;DEBUG;(Helper.java:463);Action value string [#ECM#] after substituting for variables/test data is [scriptInstance20160531181042504]
2016/05/31 18:10:42.66;DEBUG;(TestStepRunner.java:1225);Execute the Annotation [@useScriptInstance], with the value [scriptInstance20160531181042504]
2016/05/31 18:10:42.66; INFO;(Parser.java:1585);Storing script instance [scriptInstance20160531181042504] in system variable [AFT_CURRENTSCRIPTINSTANCE] by default
2016/05/31 18:10:42.66; INFO;(ScriptInstanceManager.java:129);Trying to fetch stored script instance identifier [scriptInstance20160531181042504]
2016/05/31 18:10:42.66;DEBUG;(Variable.java:295);Value [scriptInstance20160531181042504] has been stored in variable [AFT_CURRENTSCRIPTINSTANCE]
2016/05/31 18:10:42.66;DEBUG;(Helper.java:463);Action value string [#AFT_IsEndOfTestData#] after substituting for variables/test data is [false]
2016/05/31 18:10:42.66; INFO;(TestStepRunner.java:588);Completed execution of Pre-steps for test case #RS_Connection_1
2016/05/31 18:10:42.66; INFO;(TestStepRunner.java:564);Starting execution of Steps for test case #RS_Connection_1
2016/05/31 18:10:42.66;DEBUG;(Helper.java:463);Action value string [#AFT_TERMINATECURRENTTESTSUITE#] after substituting for variables/test data is [false]
2016/05/31 18:10:42.66;DEBUG;(Helper.java:463);Action value string [#AFT_TERMINATECURRENTTESTSCENARIO#] after substituting for variables/test data is [false]
2016/05/31 18:10:42.66;DEBUG;(Helper.java:463);Action value string [#AFT_TERMINATECURRENTTESTCASE#] after substituting for variables/test data is [false]
2016/05/31 18:10:42.66;DEBUG;(TestStepRunner.java:860);Calling action [##setAuthenticationURL], Element Name [novalue], Element value [${#sheetname#.URL}$]
2016/05/31 18:10:42.66;DEBUG;(Helper.java:264);Found a valid Test data header [#sheetname#.URL]. Getting the test data and substituting in the action value string.
2016/05/31 18:10:42.66;DEBUG;(Helper.java:463);Action value string [#sheetname#] after substituting for variables/test data is [ECM_Request]
2016/05/31 18:10:42.66;DEBUG;(Helper.java:312);Test Data RowId is [1]
2016/05/31 18:10:42.66;DEBUG;(Helper.java:336);Table name is [ecm_request] and column name is [URL]
2016/05/31 18:10:42.66;DEBUG;(ExcelRead.java:448);Reading test data from sheet [ecm_request]
2016/05/31 18:10:42.66;DEBUG;(ExcelRead.java:1012);Trying to read test data sheet [ecm_request]
2016/05/31 18:10:42.66;DEBUG;(Variable.java:295);Value [false] has been stored in variable [AFT_ISENDOFTESTDATA]
2016/05/31 18:10:42.66;DEBUG;(Helper.java:346);Value retrieved from sheet [ecm_request], column [URL], row number [1] is [/api/auth/login]
2016/05/31 18:10:42.66;DEBUG;(Helper.java:463);Action value string [${#sheetname#.URL}$] after substituting for variables/test data is [/api/auth/login]
2016/05/31 18:10:42.66;DEBUG;(Parser.java:159);Calling actionValue [##setAuthenticationURL], element Name [novalue], original value [novalue], parsed value [/api/auth/login]
2016/05/31 18:10:42.66;DEBUG;(ScriptRunner.java:373);No script identifier specified. Using [AFT_LastScriptInstance]
2016/05/31 18:10:42.66;DEBUG;(ScriptRunner.java:377);Method to be invoked is [setAuthenticationURL]
2016/05/31 18:10:42.66;DEBUG;(ScriptRunner.java:381);Variable to store value returned by method is [novalue]
2016/05/31 18:10:42.66;DEBUG;(Helper.java:463);Action value string [#AFT_CURRENTSCRIPTINSTANCE#] after substituting for variables/test data is [scriptInstance20160531181042504]
2016/05/31 18:10:42.66; INFO;(ScriptInstanceManager.java:129);Trying to fetch stored script instance identifier [scriptInstance20160531181042504]
2016/05/31 18:10:42.66; INFO;(Helper.java:621);Parsing the parameters [${#sheetname#.URL}$]
2016/05/31 18:10:42.66;DEBUG;(Helper.java:264);Found a valid Test data header [#sheetname#.URL]. Getting the test data and substituting in the action value string.
2016/05/31 18:10:42.66;DEBUG;(Helper.java:463);Action value string [#sheetname#] after substituting for variables/test data is [ECM_Request]
2016/05/31 18:10:42.66;DEBUG;(Helper.java:312);Test Data RowId is [1]
2016/05/31 18:10:42.66;DEBUG;(Helper.java:336);Table name is [ecm_request] and column name is [URL]
2016/05/31 18:10:42.66;DEBUG;(ExcelRead.java:448);Reading test data from sheet [ecm_request]
2016/05/31 18:10:42.66;DEBUG;(ExcelRead.java:1012);Trying to read test data sheet [ecm_request]
2016/05/31 18:10:42.66;DEBUG;(Variable.java:295);Value [false] has been stored in variable [AFT_ISENDOFTESTDATA]
2016/05/31 18:10:42.66;DEBUG;(Helper.java:346);Value retrieved from sheet [ecm_request], column [URL], row number [1] is [/api/auth/login]
2016/05/31 18:10:42.66;DEBUG;(Helper.java:463);Action value string [${#sheetname#.URL}$] after substituting for variables/test data is [/api/auth/login]
2016/05/31 18:10:42.66; INFO;(ScriptRunner.java:615);Invoking function [setAuthenticationURL] with 1 parameter [/api/auth/login]
2016/05/31 18:10:42.66; INFO;(Helper.java:621);Parsing the parameters [novalue]
2016/05/31 18:10:42.66;ERROR;(Variable.java:298);Variable name [novalue] specified looks invalid. Please check the syntax in test suite.
2016/05/31 18:10:42.66;DEBUG;(Variable.java:295);Value [] has been stored in variable [AFT_EXTERNALSCRIPTRETURNVALUE]
2016/05/31 18:10:42.66;DEBUG;(ScriptRunner.java:501);Returning value [] after executing method [setAuthenticationURL] for script identifier [scriptInstance20160531181042504]
2016/05/31 18:10:42.66;DEBUG;(Variable.java:295);Value [novalue] has been stored in variable [AFT_LASTOPERATEDCONTROL]
2016/05/31 18:10:42.66;DEBUG;(Variable.java:295);Value [] has been stored in variable [AFT_LASTACTIONRESPONSE]
2016/05/31 18:10:42.66;DEBUG;(Variable.java:295);Value [##setAuthenticationURL] has been stored in variable [AFT_LASTACTION]
2016/05/31 18:10:42.66;DEBUG;(Helper.java:463);Action value string [#AFT_LASTACTIONRESPONSE#] after substituting for variables/test data is []
2016/05/31 18:10:42.66;DEBUG;(Helper.java:463);Action value string [#AFT_TERMINATECURRENTTESTSUITE#] after substituting for variables/test data is [false]
2016/05/31 18:10:42.66;DEBUG;(Helper.java:463);Action value string [#AFT_TERMINATECURRENTTESTSCENARIO#] after substituting for variables/test data is [false]
2016/05/31 18:10:42.66;DEBUG;(Helper.java:463);Action value string [#AFT_TERMINATECURRENTTESTCASE#] after substituting for variables/test data is [false]
2016/05/31 18:10:42.66;DEBUG;(TestStepRunner.java:860);Calling action [##setCredentials], Element Name [novalue], Element value [${#sheetname#.RequestBody}$]
2016/05/31 18:10:42.66;DEBUG;(Helper.java:264);Found a valid Test data header [#sheetname#.RequestBody]. Getting the test data and substituting in the action value string.
2016/05/31 18:10:42.66;DEBUG;(Helper.java:463);Action value string [#sheetname#] after substituting for variables/test data is [ECM_Request]
2016/05/31 18:10:42.66;DEBUG;(Helper.java:312);Test Data RowId is [1]
2016/05/31 18:10:42.66;DEBUG;(Helper.java:336);Table name is [ecm_request] and column name is [RequestBody]
2016/05/31 18:10:42.66;DEBUG;(ExcelRead.java:448);Reading test data from sheet [ecm_request]
2016/05/31 18:10:42.66;DEBUG;(ExcelRead.java:1012);Trying to read test data sheet [ecm_request]
2016/05/31 18:10:42.66;DEBUG;(Variable.java:295);Value [false] has been stored in variable [AFT_ISENDOFTESTDATA]
2016/05/31 18:10:42.66;DEBUG;(Helper.java:346);Value retrieved from sheet [ecm_request], column [RequestBody], row number [1] is [user1
password1]
2016/05/31 18:10:42.66;DEBUG;(Helper.java:463);Action value string [${#sheetname#.RequestBody}$] after substituting for variables/test data is [user1
password1]
2016/05/31 18:10:42.66;DEBUG;(Parser.java:159);Calling actionValue [##setCredentials], element Name [novalue], original value [novalue], parsed value [user1
password1]
2016/05/31 18:10:42.66;DEBUG;(ScriptRunner.java:373);No script identifier specified. Using [AFT_LastScriptInstance]
2016/05/31 18:10:42.66;DEBUG;(ScriptRunner.java:377);Method to be invoked is [setCredentials]
2016/05/31 18:10:42.66;DEBUG;(ScriptRunner.java:381);Variable to store value returned by method is [novalue]
2016/05/31 18:10:42.82;DEBUG;(Helper.java:463);Action value string [#AFT_CURRENTSCRIPTINSTANCE#] after substituting for variables/test data is [scriptInstance20160531181042504]
2016/05/31 18:10:42.82; INFO;(ScriptInstanceManager.java:129);Trying to fetch stored script instance identifier [scriptInstance20160531181042504]
2016/05/31 18:10:42.82; INFO;(Helper.java:621);Parsing the parameters [${#sheetname#.RequestBody}$]
2016/05/31 18:10:42.82;DEBUG;(Helper.java:264);Found a valid Test data header [#sheetname#.RequestBody]. Getting the test data and substituting in the action value string.
2016/05/31 18:10:42.82;DEBUG;(Helper.java:463);Action value string [#sheetname#] after substituting for variables/test data is [ECM_Request]
2016/05/31 18:10:42.82;DEBUG;(Helper.java:312);Test Data RowId is [1]
2016/05/31 18:10:42.82;DEBUG;(Helper.java:336);Table name is [ecm_request] and column name is [RequestBody]
2016/05/31 18:10:42.82;DEBUG;(ExcelRead.java:448);Reading test data from sheet [ecm_request]
2016/05/31 18:10:42.82;DEBUG;(ExcelRead.java:1012);Trying to read test data sheet [ecm_request]
2016/05/31 18:10:42.82;DEBUG;(Variable.java:295);Value [false] has been stored in variable [AFT_ISENDOFTESTDATA]
2016/05/31 18:10:42.82;DEBUG;(Helper.java:346);Value retrieved from sheet [ecm_request], column [RequestBody], row number [1] is [user1
password1]
2016/05/31 18:10:42.82;DEBUG;(Helper.java:463);Action value string [${#sheetname#.RequestBody}$] after substituting for variables/test data is [user1
password1]
2016/05/31 18:10:42.82; INFO;(ScriptRunner.java:615);Invoking function [setCredentials] with 1 parameter [user1
password1]
2016/05/31 18:10:42.82; INFO;(Helper.java:621);Parsing the parameters [novalue]
2016/05/31 18:10:42.82;ERROR;(Variable.java:298);Variable name [novalue] specified looks invalid. Please check the syntax in test suite.
2016/05/31 18:10:42.82;DEBUG;(Variable.java:295);Value [] has been stored in variable [AFT_EXTERNALSCRIPTRETURNVALUE]
2016/05/31 18:10:42.82;DEBUG;(ScriptRunner.java:501);Returning value [] after executing method [setCredentials] for script identifier [scriptInstance20160531181042504]
2016/05/31 18:10:42.82;DEBUG;(Variable.java:295);Value [novalue] has been stored in variable [AFT_LASTOPERATEDCONTROL]
2016/05/31 18:10:42.82;DEBUG;(Variable.java:295);Value [] has been stored in variable [AFT_LASTACTIONRESPONSE]
2016/05/31 18:10:42.82;DEBUG;(Variable.java:295);Value [##setCredentials] has been stored in variable [AFT_LASTACTION]
2016/05/31 18:10:42.82;DEBUG;(Helper.java:463);Action value string [#AFT_LASTACTIONRESPONSE#] after substituting for variables/test data is []
2016/05/31 18:10:42.82;DEBUG;(Helper.java:463);Action value string [#AFT_TERMINATECURRENTTESTSUITE#] after substituting for variables/test data is [false]
2016/05/31 18:10:42.82;DEBUG;(Helper.java:463);Action value string [#AFT_TERMINATECURRENTTESTSCENARIO#] after substituting for variables/test data is [false]
2016/05/31 18:10:42.82;DEBUG;(Helper.java:463);Action value string [#AFT_TERMINATECURRENTTESTCASE#] after substituting for variables/test data is [false]
2016/05/31 18:10:42.82;DEBUG;(TestStepRunner.java:860);Calling action [##getConnection], Element Name [novalue], Element value [${#sheetname#.Headers}$]
2016/05/31 18:10:42.82;DEBUG;(Helper.java:264);Found a valid Test data header [#sheetname#.Headers]. Getting the test data and substituting in the action value string.
2016/05/31 18:10:42.82;DEBUG;(Helper.java:463);Action value string [#sheetname#] after substituting for variables/test data is [ECM_Request]
2016/05/31 18:10:42.82;DEBUG;(Helper.java:312);Test Data RowId is [1]
2016/05/31 18:10:42.82;DEBUG;(Helper.java:336);Table name is [ecm_request] and column name is [Headers]
2016/05/31 18:10:42.82;DEBUG;(ExcelRead.java:448);Reading test data from sheet [ecm_request]
2016/05/31 18:10:42.82;DEBUG;(ExcelRead.java:1012);Trying to read test data sheet [ecm_request]
2016/05/31 18:10:42.82;DEBUG;(Variable.java:295);Value [false] has been stored in variable [AFT_ISENDOFTESTDATA]
2016/05/31 18:10:42.82;DEBUG;(Helper.java:346);Value retrieved from sheet [ecm_request], column [Headers], row number [1] is [Authorization: Basic YWJvZ2dhdmE6R2xvYmFsMTIzJDU=
Content-Type: application/json;charset=UTF-8]
2016/05/31 18:10:42.82;DEBUG;(Helper.java:463);Action value string [${#sheetname#.Headers}$] after substituting for variables/test data is [Authorization: Basic YWJvZ2dhdmE6R2xvYmFsMTIzJDU=
Content-Type: application/json;charset=UTF-8]
2016/05/31 18:10:42.82;DEBUG;(Parser.java:159);Calling actionValue [##getConnection], element Name [novalue], original value [novalue], parsed value [Authorization: Basic YWJvZ2dhdmE6R2xvYmFsMTIzJDU=
Content-Type: application/json;charset=UTF-8]
2016/05/31 18:10:42.82;DEBUG;(ScriptRunner.java:373);No script identifier specified. Using [AFT_LastScriptInstance]
2016/05/31 18:10:42.82;DEBUG;(ScriptRunner.java:377);Method to be invoked is [getConnection]
2016/05/31 18:10:42.82;DEBUG;(ScriptRunner.java:381);Variable to store value returned by method is [novalue]
2016/05/31 18:10:42.82;DEBUG;(Helper.java:463);Action value string [#AFT_CURRENTSCRIPTINSTANCE#] after substituting for variables/test data is [scriptInstance20160531181042504]
2016/05/31 18:10:42.82; INFO;(ScriptInstanceManager.java:129);Trying to fetch stored script instance identifier [scriptInstance20160531181042504]
2016/05/31 18:10:42.82; INFO;(Helper.java:621);Parsing the parameters [${#sheetname#.Headers}$]
2016/05/31 18:10:42.82;DEBUG;(Helper.java:264);Found a valid Test data header [#sheetname#.Headers]. Getting the test data and substituting in the action value string.
2016/05/31 18:10:42.82;DEBUG;(Helper.java:463);Action value string [#sheetname#] after substituting for variables/test data is [ECM_Request]
2016/05/31 18:10:42.82;DEBUG;(Helper.java:312);Test Data RowId is [1]
2016/05/31 18:10:42.82;DEBUG;(Helper.java:336);Table name is [ecm_request] and column name is [Headers]
2016/05/31 18:10:42.82;DEBUG;(ExcelRead.java:448);Reading test data from sheet [ecm_request]
2016/05/31 18:10:42.82;DEBUG;(ExcelRead.java:1012);Trying to read test data sheet [ecm_request]
2016/05/31 18:10:42.82;DEBUG;(Variable.java:295);Value [false] has been stored in variable [AFT_ISENDOFTESTDATA]
2016/05/31 18:10:42.82;DEBUG;(Helper.java:346);Value retrieved from sheet [ecm_request], column [Headers], row number [1] is [Authorization: Basic YWJvZ2dhdmE6R2xvYmFsMTIzJDU=
Content-Type: application/json;charset=UTF-8]
2016/05/31 18:10:42.82;DEBUG;(Helper.java:463);Action value string [${#sheetname#.Headers}$] after substituting for variables/test data is [Authorization: Basic YWJvZ2dhdmE6R2xvYmFsMTIzJDU=
Content-Type: application/json;charset=UTF-8]
2016/05/31 18:10:42.82; INFO;(ScriptRunner.java:615);Invoking function [getConnection] with 1 parameter [Authorization: Basic YWJvZ2dhdmE6R2xvYmFsMTIzJDU=
Content-Type: application/json;charset=UTF-8]
2016/05/31 18:10:42.82; INFO;(JCLLoggerAdapter.java:262);Executing getConnection()true
2016/05/31 18:10:42.82; INFO;(JCLLoggerAdapter.java:262);Getting the property hostname from loaded property file
2016/05/31 18:10:42.82; INFO;(JCLLoggerAdapter.java:262);Getting the property port from loaded property file
2016/05/31 18:10:42.82; INFO;(JCLLoggerAdapter.java:262);Getting the property userKey from loaded property file
2016/05/31 18:10:42.82; INFO;(JCLLoggerAdapter.java:262);Getting the property passwordKey from loaded property file
2016/05/31 18:10:42.82; INFO;(JCLLoggerAdapter.java:262);Getting the property user1 from loaded property file
2016/05/31 18:10:42.82; INFO;(JCLLoggerAdapter.java:262);Getting the property password1 from loaded property file
2016/05/31 18:10:42.82; INFO;(JCLLoggerAdapter.java:262);fc8ecmsv==>==>username==>password==>mnampall==>Global5678
2016/05/31 18:10:42.82; INFO;(JCLLoggerAdapter.java:262);Creating the object to the http client wiht the connection url:http://fc8ecmsv:/api/auth/login
2016/05/31 18:10:42.206; INFO;(JCLLoggerAdapter.java:262);Executing getHttpClient() with parameters: http://fc8ecmsv:/api/auth/login
2016/05/31 18:11:03.277; WARN;(JCLLoggerAdapter.java:357);Exception occured while getting the connection. Exception message is:Connect to fc8ecmsv:80 [fc8ecmsv/10.10.27.11] failed: Connection timed out: connect
2016/05/31 18:11:03.277;ERROR;(ScriptRunner.java:482);Exception:: com.ags.aft.exception.AFTException: Exception occured while getting the connection. Exception message is:Connect to fc8ecmsv:80 [fc8ecmsv/10.10.27.11] failed: Connection timed out: connect
java.lang.reflect.InvocationTargetException
	at sun.reflect.NativeMethodAccessorImpl.invoke0(Native Method)
	at sun.reflect.NativeMethodAccessorImpl.invoke(NativeMethodAccessorImpl.java:57)
	at sun.reflect.DelegatingMethodAccessorImpl.invoke(DelegatingMethodAccessorImpl.java:43)
	at java.lang.reflect.Method.invoke(Method.java:606)
	at com.ags.aft.fixtures.externalScript.ScriptRunner.runMethodWithinClassWithZeroOrOneParam(ScriptRunner.java:633)
	at com.ags.aft.fixtures.externalScript.ScriptRunner.executeScript(ScriptRunner.java:418)
	at com.ags.aft.main.Parser.callToAction(Parser.java:345)
	at com.ags.aft.runners.TestStepRunner.executeAction(TestStepRunner.java:933)
	at com.ags.aft.runners.TestStepRunner.executeTestSteps(TestStepRunner.java:661)
	at com.ags.aft.runners.TestStepRunner.executeStep(TestStepRunner.java:572)
	at com.ags.aft.runners.TestStepRunner.executeSteps(TestStepRunner.java:232)
	at com.ags.aft.runners.TestStepRunner.executeAllSteps(TestStepRunner.java:171)
	at com.ags.aft.runners.TestStepRunner.execute(TestStepRunner.java:129)
	at com.ags.aft.runners.TestSuiteRunner.executeTestCases(TestSuiteRunner.java:543)
	at com.ags.aft.runners.TestSuiteRunner.executeScenario(TestSuiteRunner.java:867)
	at com.ags.aft.runners.TestSuiteRunner.executeSingleBusinessScenario(TestSuiteRunner.java:758)
	at com.ags.aft.fixtures.common.CommandFixtures.executeReusableTestScenario(CommandFixtures.java:1345)
	at com.ags.aft.main.Parser.callToAction(Parser.java:292)
	at com.ags.aft.runners.TestStepRunner.executeAction(TestStepRunner.java:933)
	at com.ags.aft.runners.TestStepRunner.executeTestSteps(TestStepRunner.java:661)
	at com.ags.aft.runners.TestStepRunner.executeStep(TestStepRunner.java:572)
	at com.ags.aft.runners.TestStepRunner.executeSteps(TestStepRunner.java:232)
	at com.ags.aft.runners.TestStepRunner.executeAllSteps(TestStepRunner.java:171)
	at com.ags.aft.runners.TestStepRunner.execute(TestStepRunner.java:129)
	at com.ags.aft.runners.TestSuiteRunner.executeTestCases(TestSuiteRunner.java:543)
	at com.ags.aft.runners.TestSuiteRunner.executeScenario(TestSuiteRunner.java:867)
	at com.ags.aft.runners.TestSuiteRunner.executeSingleBusinessScenario(TestSuiteRunner.java:758)
	at com.ags.aft.runners.TestSuiteRunner.executeTestScenarios(TestSuiteRunner.java:1108)
	at com.ags.aft.runners.TestSuiteRunner.execute(TestSuiteRunner.java:1024)
	at com.ags.aft.runners.TestBatchRunner.executeTestBatch(TestBatchRunner.java:401)
	at com.ags.aft.runners.TestBatchRunner.executeFileSystemTestBatch(TestBatchRunner.java:242)
	at com.ags.aft.runners.TestBatchRunner.execute(TestBatchRunner.java:124)
	at com.ags.aft.main.Driver.main(Driver.java:149)
Caused by: com.ags.aft.exception.AFTException: Exception occured while getting the connection. Exception message is:Connect to fc8ecmsv:80 [fc8ecmsv/10.10.27.11] failed: Connection timed out: connect
	at com.ags.gf.mtqa.app.ECM.getHttpClient(Unknown Source)
	at com.ags.gf.mtqa.app.ECM.getConnection(Unknown Source)
	... 33 more
2016/05/31 18:11:03.293;ERROR;(Parser.java:560);Exception::
java.lang.NullPointerException
	at com.ags.aft.exception.AFTException.<init>(AFTException.java:90)
	at com.ags.aft.fixtures.externalScript.ScriptRunner.executeScript(ScriptRunner.java:483)
	at com.ags.aft.main.Parser.callToAction(Parser.java:345)
	at com.ags.aft.runners.TestStepRunner.executeAction(TestStepRunner.java:933)
	at com.ags.aft.runners.TestStepRunner.executeTestSteps(TestStepRunner.java:661)
	at com.ags.aft.runners.TestStepRunner.executeStep(TestStepRunner.java:572)
	at com.ags.aft.runners.TestStepRunner.executeSteps(TestStepRunner.java:232)
	at com.ags.aft.runners.TestStepRunner.executeAllSteps(TestStepRunner.java:171)
	at com.ags.aft.runners.TestStepRunner.execute(TestStepRunner.java:129)
	at com.ags.aft.runners.TestSuiteRunner.executeTestCases(TestSuiteRunner.java:543)
	at com.ags.aft.runners.TestSuiteRunner.executeScenario(TestSuiteRunner.java:867)
	at com.ags.aft.runners.TestSuiteRunner.executeSingleBusinessScenario(TestSuiteRunner.java:758)
	at com.ags.aft.fixtures.common.CommandFixtures.executeReusableTestScenario(CommandFixtures.java:1345)
	at com.ags.aft.main.Parser.callToAction(Parser.java:292)
	at com.ags.aft.runners.TestStepRunner.executeAction(TestStepRunner.java:933)
	at com.ags.aft.runners.TestStepRunner.executeTestSteps(TestStepRunner.java:661)
	at com.ags.aft.runners.TestStepRunner.executeStep(TestStepRunner.java:572)
	at com.ags.aft.runners.TestStepRunner.executeSteps(TestStepRunner.java:232)
	at com.ags.aft.runners.TestStepRunner.executeAllSteps(TestStepRunner.java:171)
	at com.ags.aft.runners.TestStepRunner.execute(TestStepRunner.java:129)
	at com.ags.aft.runners.TestSuiteRunner.executeTestCases(TestSuiteRunner.java:543)
	at com.ags.aft.runners.TestSuiteRunner.executeScenario(TestSuiteRunner.java:867)
	at com.ags.aft.runners.TestSuiteRunner.executeSingleBusinessScenario(TestSuiteRunner.java:758)
	at com.ags.aft.runners.TestSuiteRunner.executeTestScenarios(TestSuiteRunner.java:1108)
	at com.ags.aft.runners.TestSuiteRunner.execute(TestSuiteRunner.java:1024)
	at com.ags.aft.runners.TestBatchRunner.executeTestBatch(TestBatchRunner.java:401)
	at com.ags.aft.runners.TestBatchRunner.executeFileSystemTestBatch(TestBatchRunner.java:242)
	at com.ags.aft.runners.TestBatchRunner.execute(TestBatchRunner.java:124)
	at com.ags.aft.main.Driver.main(Driver.java:149)
2016/05/31 18:11:03.293;DEBUG;(Variable.java:295);Value [novalue] has been stored in variable [AFT_LASTOPERATEDCONTROL]
2016/05/31 18:11:03.293;DEBUG;(Variable.java:295);Value [] has been stored in variable [AFT_LASTACTIONRESPONSE]
2016/05/31 18:11:03.293;DEBUG;(Variable.java:295);Value [##getConnection] has been stored in variable [AFT_LASTACTION]
2016/05/31 18:11:03.293;DEBUG;(Helper.java:463);Action value string [#AFT_TERMINATECURRENTTESTSUITE#] after substituting for variables/test data is [false]
2016/05/31 18:11:03.293;DEBUG;(Helper.java:463);Action value string [#AFT_TERMINATECURRENTTESTSCENARIO#] after substituting for variables/test data is [false]
2016/05/31 18:11:03.293;DEBUG;(Helper.java:463);Action value string [#AFT_TERMINATECURRENTTESTCASE#] after substituting for variables/test data is [false]
2016/05/31 18:11:03.293;ERROR;(TestSuiteRunner.java:595);Exception::
java.lang.NullPointerException
	at com.ags.aft.exception.AFTException.<init>(AFTException.java:90)
	at com.ags.aft.main.Parser.callToAction(Parser.java:561)
	at com.ags.aft.runners.TestStepRunner.executeAction(TestStepRunner.java:933)
	at com.ags.aft.runners.TestStepRunner.executeTestSteps(TestStepRunner.java:661)
	at com.ags.aft.runners.TestStepRunner.executeStep(TestStepRunner.java:572)
	at com.ags.aft.runners.TestStepRunner.executeSteps(TestStepRunner.java:232)
	at com.ags.aft.runners.TestStepRunner.executeAllSteps(TestStepRunner.java:171)
	at com.ags.aft.runners.TestStepRunner.execute(TestStepRunner.java:129)
	at com.ags.aft.runners.TestSuiteRunner.executeTestCases(TestSuiteRunner.java:543)
	at com.ags.aft.runners.TestSuiteRunner.executeScenario(TestSuiteRunner.java:867)
	at com.ags.aft.runners.TestSuiteRunner.executeSingleBusinessScenario(TestSuiteRunner.java:758)
	at com.ags.aft.fixtures.common.CommandFixtures.executeReusableTestScenario(CommandFixtures.java:1345)
	at com.ags.aft.main.Parser.callToAction(Parser.java:292)
	at com.ags.aft.runners.TestStepRunner.executeAction(TestStepRunner.java:933)
	at com.ags.aft.runners.TestStepRunner.executeTestSteps(TestStepRunner.java:661)
	at com.ags.aft.runners.TestStepRunner.executeStep(TestStepRunner.java:572)
	at com.ags.aft.runners.TestStepRunner.executeSteps(TestStepRunner.java:232)
	at com.ags.aft.runners.TestStepRunner.executeAllSteps(TestStepRunner.java:171)
	at com.ags.aft.runners.TestStepRunner.execute(TestStepRunner.java:129)
	at com.ags.aft.runners.TestSuiteRunner.executeTestCases(TestSuiteRunner.java:543)
	at com.ags.aft.runners.TestSuiteRunner.executeScenario(TestSuiteRunner.java:867)
	at com.ags.aft.runners.TestSuiteRunner.executeSingleBusinessScenario(TestSuiteRunner.java:758)
	at com.ags.aft.runners.TestSuiteRunner.executeTestScenarios(TestSuiteRunner.java:1108)
	at com.ags.aft.runners.TestSuiteRunner.execute(TestSuiteRunner.java:1024)
	at com.ags.aft.runners.TestBatchRunner.executeTestBatch(TestBatchRunner.java:401)
	at com.ags.aft.runners.TestBatchRunner.executeFileSystemTestBatch(TestBatchRunner.java:242)
	at com.ags.aft.runners.TestBatchRunner.execute(TestBatchRunner.java:124)
	at com.ags.aft.main.Driver.main(Driver.java:149)
2016/05/31 18:11:03.309;ERROR;(TestSuiteRunner.java:890);Exception::
java.lang.NullPointerException
	at com.ags.aft.exception.AFTException.<init>(AFTException.java:90)
	at com.ags.aft.runners.TestSuiteRunner.executeTestCases(TestSuiteRunner.java:596)
	at com.ags.aft.runners.TestSuiteRunner.executeScenario(TestSuiteRunner.java:867)
	at com.ags.aft.runners.TestSuiteRunner.executeSingleBusinessScenario(TestSuiteRunner.java:758)
	at com.ags.aft.fixtures.common.CommandFixtures.executeReusableTestScenario(CommandFixtures.java:1345)
	at com.ags.aft.main.Parser.callToAction(Parser.java:292)
	at com.ags.aft.runners.TestStepRunner.executeAction(TestStepRunner.java:933)
	at com.ags.aft.runners.TestStepRunner.executeTestSteps(TestStepRunner.java:661)
	at com.ags.aft.runners.TestStepRunner.executeStep(TestStepRunner.java:572)
	at com.ags.aft.runners.TestStepRunner.executeSteps(TestStepRunner.java:232)
	at com.ags.aft.runners.TestStepRunner.executeAllSteps(TestStepRunner.java:171)
	at com.ags.aft.runners.TestStepRunner.execute(TestStepRunner.java:129)
	at com.ags.aft.runners.TestSuiteRunner.executeTestCases(TestSuiteRunner.java:543)
	at com.ags.aft.runners.TestSuiteRunner.executeScenario(TestSuiteRunner.java:867)
	at com.ags.aft.runners.TestSuiteRunner.executeSingleBusinessScenario(TestSuiteRunner.java:758)
	at com.ags.aft.runners.TestSuiteRunner.executeTestScenarios(TestSuiteRunner.java:1108)
	at com.ags.aft.runners.TestSuiteRunner.execute(TestSuiteRunner.java:1024)
	at com.ags.aft.runners.TestBatchRunner.executeTestBatch(TestBatchRunner.java:401)
	at com.ags.aft.runners.TestBatchRunner.executeFileSystemTestBatch(TestBatchRunner.java:242)
	at com.ags.aft.runners.TestBatchRunner.execute(TestBatchRunner.java:124)
	at com.ags.aft.main.Driver.main(Driver.java:149)
2016/05/31 18:11:03.309;ERROR;(TestSuiteRunner.java:760);Exception::
java.lang.NullPointerException
	at com.ags.aft.exception.AFTException.<init>(AFTException.java:90)
	at com.ags.aft.runners.TestSuiteRunner.executeScenario(TestSuiteRunner.java:891)
	at com.ags.aft.runners.TestSuiteRunner.executeSingleBusinessScenario(TestSuiteRunner.java:758)
	at com.ags.aft.fixtures.common.CommandFixtures.executeReusableTestScenario(CommandFixtures.java:1345)
	at com.ags.aft.main.Parser.callToAction(Parser.java:292)
	at com.ags.aft.runners.TestStepRunner.executeAction(TestStepRunner.java:933)
	at com.ags.aft.runners.TestStepRunner.executeTestSteps(TestStepRunner.java:661)
	at com.ags.aft.runners.TestStepRunner.executeStep(TestStepRunner.java:572)
	at com.ags.aft.runners.TestStepRunner.executeSteps(TestStepRunner.java:232)
	at com.ags.aft.runners.TestStepRunner.executeAllSteps(TestStepRunner.java:171)
	at com.ags.aft.runners.TestStepRunner.execute(TestStepRunner.java:129)
	at com.ags.aft.runners.TestSuiteRunner.executeTestCases(TestSuiteRunner.java:543)
	at com.ags.aft.runners.TestSuiteRunner.executeScenario(TestSuiteRunner.java:867)
	at com.ags.aft.runners.TestSuiteRunner.executeSingleBusinessScenario(TestSuiteRunner.java:758)
	at com.ags.aft.runners.TestSuiteRunner.executeTestScenarios(TestSuiteRunner.java:1108)
	at com.ags.aft.runners.TestSuiteRunner.execute(TestSuiteRunner.java:1024)
	at com.ags.aft.runners.TestBatchRunner.executeTestBatch(TestBatchRunner.java:401)
	at com.ags.aft.runners.TestBatchRunner.executeFileSystemTestBatch(TestBatchRunner.java:242)
	at com.ags.aft.runners.TestBatchRunner.execute(TestBatchRunner.java:124)
	at com.ags.aft.main.Driver.main(Driver.java:149)
2016/05/31 18:11:03.309;DEBUG;(TestSuiteRunner.java:770);Completed execution of a scenario [RS_Connection]. Poped out [RS_Connection] from [executingResuableTestScenario] stack.
2016/05/31 18:11:03.309;ERROR;(CommandFixtures.java:1353);Exception::
java.lang.NullPointerException
	at com.ags.aft.exception.AFTException.<init>(AFTException.java:90)
	at com.ags.aft.runners.TestSuiteRunner.executeSingleBusinessScenario(TestSuiteRunner.java:761)
	at com.ags.aft.fixtures.common.CommandFixtures.executeReusableTestScenario(CommandFixtures.java:1345)
	at com.ags.aft.main.Parser.callToAction(Parser.java:292)
	at com.ags.aft.runners.TestStepRunner.executeAction(TestStepRunner.java:933)
	at com.ags.aft.runners.TestStepRunner.executeTestSteps(TestStepRunner.java:661)
	at com.ags.aft.runners.TestStepRunner.executeStep(TestStepRunner.java:572)
	at com.ags.aft.runners.TestStepRunner.executeSteps(TestStepRunner.java:232)
	at com.ags.aft.runners.TestStepRunner.executeAllSteps(TestStepRunner.java:171)
	at com.ags.aft.runners.TestStepRunner.execute(TestStepRunner.java:129)
	at com.ags.aft.runners.TestSuiteRunner.executeTestCases(TestSuiteRunner.java:543)
	at com.ags.aft.runners.TestSuiteRunner.executeScenario(TestSuiteRunner.java:867)
	at com.ags.aft.runners.TestSuiteRunner.executeSingleBusinessScenario(TestSuiteRunner.java:758)
	at com.ags.aft.runners.TestSuiteRunner.executeTestScenarios(TestSuiteRunner.java:1108)
	at com.ags.aft.runners.TestSuiteRunner.execute(TestSuiteRunner.java:1024)
	at com.ags.aft.runners.TestBatchRunner.executeTestBatch(TestBatchRunner.java:401)
	at com.ags.aft.runners.TestBatchRunner.executeFileSystemTestBatch(TestBatchRunner.java:242)
	at com.ags.aft.runners.TestBatchRunner.execute(TestBatchRunner.java:124)
	at com.ags.aft.main.Driver.main(Driver.java:149)
2016/05/31 18:11:03.309;DEBUG;(Variable.java:295);Value [TS_Login] has been stored in variable [AFT_CURRESBUSINESSSCENARIOID]
2016/05/31 18:11:03.309;DEBUG;(Variable.java:295);Value [Load the required properties] has been stored in variable [AFT_CURRESBUSINESSSCENARIODESCRIPTION]
2016/05/31 18:11:03.309;ERROR;(Parser.java:560);Exception::
java.lang.NullPointerException
	at com.ags.aft.exception.AFTException.<init>(AFTException.java:90)
	at com.ags.aft.fixtures.common.CommandFixtures.executeReusableTestScenario(CommandFixtures.java:1354)
	at com.ags.aft.main.Parser.callToAction(Parser.java:292)
	at com.ags.aft.runners.TestStepRunner.executeAction(TestStepRunner.java:933)
	at com.ags.aft.runners.TestStepRunner.executeTestSteps(TestStepRunner.java:661)
	at com.ags.aft.runners.TestStepRunner.executeStep(TestStepRunner.java:572)
	at com.ags.aft.runners.TestStepRunner.executeSteps(TestStepRunner.java:232)
	at com.ags.aft.runners.TestStepRunner.executeAllSteps(TestStepRunner.java:171)
	at com.ags.aft.runners.TestStepRunner.execute(TestStepRunner.java:129)
	at com.ags.aft.runners.TestSuiteRunner.executeTestCases(TestSuiteRunner.java:543)
	at com.ags.aft.runners.TestSuiteRunner.executeScenario(TestSuiteRunner.java:867)
	at com.ags.aft.runners.TestSuiteRunner.executeSingleBusinessScenario(TestSuiteRunner.java:758)
	at com.ags.aft.runners.TestSuiteRunner.executeTestScenarios(TestSuiteRunner.java:1108)
	at com.ags.aft.runners.TestSuiteRunner.execute(TestSuiteRunner.java:1024)
	at com.ags.aft.runners.TestBatchRunner.executeTestBatch(TestBatchRunner.java:401)
	at com.ags.aft.runners.TestBatchRunner.executeFileSystemTestBatch(TestBatchRunner.java:242)
	at com.ags.aft.runners.TestBatchRunner.execute(TestBatchRunner.java:124)
	at com.ags.aft.main.Driver.main(Driver.java:149)
2016/05/31 18:11:03.309;DEBUG;(Variable.java:295);Value [novalue] has been stored in variable [AFT_LASTOPERATEDCONTROL]
2016/05/31 18:11:03.309;DEBUG;(Variable.java:295);Value [] has been stored in variable [AFT_LASTACTIONRESPONSE]
2016/05/31 18:11:03.309;DEBUG;(Variable.java:295);Value [executeReusableTestScenario] has been stored in variable [AFT_LASTACTION]
2016/05/31 18:11:03.309;DEBUG;(Helper.java:463);Action value string [#AFT_TERMINATECURRENTTESTSUITE#] after substituting for variables/test data is [false]
2016/05/31 18:11:03.309;DEBUG;(Helper.java:463);Action value string [#AFT_TERMINATECURRENTTESTSCENARIO#] after substituting for variables/test data is [false]
2016/05/31 18:11:03.309;DEBUG;(Helper.java:463);Action value string [#AFT_TERMINATECURRENTTESTCASE#] after substituting for variables/test data is [false]
2016/05/31 18:11:03.309;ERROR;(TestSuiteRunner.java:595);Exception::
java.lang.NullPointerException
	at com.ags.aft.exception.AFTException.<init>(AFTException.java:90)
	at com.ags.aft.main.Parser.callToAction(Parser.java:561)
	at com.ags.aft.runners.TestStepRunner.executeAction(TestStepRunner.java:933)
	at com.ags.aft.runners.TestStepRunner.executeTestSteps(TestStepRunner.java:661)
	at com.ags.aft.runners.TestStepRunner.executeStep(TestStepRunner.java:572)
	at com.ags.aft.runners.TestStepRunner.executeSteps(TestStepRunner.java:232)
	at com.ags.aft.runners.TestStepRunner.executeAllSteps(TestStepRunner.java:171)
	at com.ags.aft.runners.TestStepRunner.execute(TestStepRunner.java:129)
	at com.ags.aft.runners.TestSuiteRunner.executeTestCases(TestSuiteRunner.java:543)
	at com.ags.aft.runners.TestSuiteRunner.executeScenario(TestSuiteRunner.java:867)
	at com.ags.aft.runners.TestSuiteRunner.executeSingleBusinessScenario(TestSuiteRunner.java:758)
	at com.ags.aft.runners.TestSuiteRunner.executeTestScenarios(TestSuiteRunner.java:1108)
	at com.ags.aft.runners.TestSuiteRunner.execute(TestSuiteRunner.java:1024)
	at com.ags.aft.runners.TestBatchRunner.executeTestBatch(TestBatchRunner.java:401)
	at com.ags.aft.runners.TestBatchRunner.executeFileSystemTestBatch(TestBatchRunner.java:242)
	at com.ags.aft.runners.TestBatchRunner.execute(TestBatchRunner.java:124)
	at com.ags.aft.main.Driver.main(Driver.java:149)
2016/05/31 18:11:03.309;ERROR;(TestSuiteRunner.java:890);Exception::
java.lang.NullPointerException
	at com.ags.aft.exception.AFTException.<init>(AFTException.java:90)
	at com.ags.aft.runners.TestSuiteRunner.executeTestCases(TestSuiteRunner.java:596)
	at com.ags.aft.runners.TestSuiteRunner.executeScenario(TestSuiteRunner.java:867)
	at com.ags.aft.runners.TestSuiteRunner.executeSingleBusinessScenario(TestSuiteRunner.java:758)
	at com.ags.aft.runners.TestSuiteRunner.executeTestScenarios(TestSuiteRunner.java:1108)
	at com.ags.aft.runners.TestSuiteRunner.execute(TestSuiteRunner.java:1024)
	at com.ags.aft.runners.TestBatchRunner.executeTestBatch(TestBatchRunner.java:401)
	at com.ags.aft.runners.TestBatchRunner.executeFileSystemTestBatch(TestBatchRunner.java:242)
	at com.ags.aft.runners.TestBatchRunner.execute(TestBatchRunner.java:124)
	at com.ags.aft.main.Driver.main(Driver.java:149)
2016/05/31 18:11:03.309;ERROR;(TestSuiteRunner.java:760);Exception::
java.lang.NullPointerException
	at com.ags.aft.exception.AFTException.<init>(AFTException.java:90)
	at com.ags.aft.runners.TestSuiteRunner.executeScenario(TestSuiteRunner.java:891)
	at com.ags.aft.runners.TestSuiteRunner.executeSingleBusinessScenario(TestSuiteRunner.java:758)
	at com.ags.aft.runners.TestSuiteRunner.executeTestScenarios(TestSuiteRunner.java:1108)
	at com.ags.aft.runners.TestSuiteRunner.execute(TestSuiteRunner.java:1024)
	at com.ags.aft.runners.TestBatchRunner.executeTestBatch(TestBatchRunner.java:401)
	at com.ags.aft.runners.TestBatchRunner.executeFileSystemTestBatch(TestBatchRunner.java:242)
	at com.ags.aft.runners.TestBatchRunner.execute(TestBatchRunner.java:124)
	at com.ags.aft.main.Driver.main(Driver.java:149)
2016/05/31 18:11:03.309;DEBUG;(TestSuiteRunner.java:770);Completed execution of a scenario [TS_Login]. Poped out [] from [executingResuableTestScenario] stack.
2016/05/31 18:11:03.309;DEBUG;(Variable.java:295);Value [false] has been stored in variable [AFT_TERMINATECURRENTTESTSCENARIO]
2016/05/31 18:11:03.309; INFO;(TestSuiteRunner.java:1373);--------------------------Test Steps Executed [15]--------------------------
2016/05/31 18:11:03.309; INFO;(TestSuite.java:228);--------------------------Executed [1], Passed [1], Failed [0]--------------------------
2016/05/31 18:11:03.309;DEBUG;(ReportGenerator.java:173);Generating test result xml file
2016/05/31 18:11:03.402;DEBUG;(Writer.java:511);Created test result xml file [./testReports/xml/hyd-vnukala_20160531_18104083.xml] successfully
2016/05/31 18:11:04.120;DEBUG;(ReportGenerator.java:193);Successfully generated test result xml file for this run
2016/05/31 18:11:04.120;DEBUG;(Helper.java:463);Action value string [#AFT_TERMINATECURRENTTESTSUITE#] after substituting for variables/test data is [false]
2016/05/31 18:11:04.120;DEBUG;(Helper.java:463);Action value string [#AFT_TERMINATECURRENTTESTSCENARIO#] after substituting for variables/test data is [false]
2016/05/31 18:11:04.120;DEBUG;(Helper.java:463);Action value string [#AFT_TERMINATECURRENTTESTCASE#] after substituting for variables/test data is [false]
2016/05/31 18:11:04.120; INFO;(TestSuiteRunner.java:2142);Starting execution of Test Set level cleanup reusable scenario [RS_CloseConnection]
2016/05/31 18:11:04.120;DEBUG;(TestSuiteRunner.java:749);Starting execution of a scenario [RS_CloseConnection] in resuable test suite. Pushing [RS_CloseConnection] to [executingResuableTestScenario] stack.
2016/05/31 18:11:04.120; INFO;(TestSuiteRunner.java:801);Starting execution of business scenario id [RS_CloseConnection] and associated test steps in test suite file [.\testScripts\GlobalFoundries_Reusable_ECM.xls]
2016/05/31 18:11:04.120; INFO;(TestSuiteRunner.java:827);Executing test steps. Execution flag for business scenario id [RS_CloseConnection], description [Close the ECM REST Connection] is [Y]
2016/05/31 18:11:04.120;DEBUG;(Variable.java:295);Value [RS_CloseConnection] has been stored in variable [AFT_CURRESBUSINESSSCENARIOID]
2016/05/31 18:11:04.120;DEBUG;(Variable.java:295);Value [Close the ECM REST Connection] has been stored in variable [AFT_CURRESBUSINESSSCENARIODESCRIPTION]
2016/05/31 18:11:04.120;DEBUG;(Helper.java:463);Action value string [#AFT_TOTALTESTSCENARIOS#] after substituting for variables/test data is [4]
2016/05/31 18:11:04.120;DEBUG;(Variable.java:295);Value [5] has been stored in variable [AFT_TOTALTESTSCENARIOS]
2016/05/31 18:11:04.120;DEBUG;(Variable.java:295);Value [RS_CloseConnection_1] has been stored in variable [AFT_CURTESTCASEID]
2016/05/31 18:11:04.120;DEBUG;(Variable.java:295);Value [Close the ECM rest connection] has been stored in variable [AFT_CURTESTCASEDESCRIPTION]
2016/05/31 18:11:04.120;DEBUG;(Helper.java:463);Action value string [#AFT_TOTALTESTCASES#] after substituting for variables/test data is [4]
2016/05/31 18:11:04.120;DEBUG;(Variable.java:295);Value [5] has been stored in variable [AFT_TOTALTESTCASES]
2016/05/31 18:11:04.120;DEBUG;(Variable.java:295);Value [false] has been stored in variable [AFT_TERMINATECURRENTTESTCASE]
2016/05/31 18:11:04.120; INFO;(TestStepRunner.java:564);Starting execution of Pre-steps for test case #RS_CloseConnection_1
2016/05/31 18:11:04.120;DEBUG;(Helper.java:463);Action value string [#AFT_TERMINATECURRENTTESTSUITE#] after substituting for variables/test data is [false]
2016/05/31 18:11:04.120;DEBUG;(Helper.java:463);Action value string [#AFT_TERMINATECURRENTTESTSCENARIO#] after substituting for variables/test data is [false]
2016/05/31 18:11:04.120;DEBUG;(Helper.java:463);Action value string [#AFT_TERMINATECURRENTTESTCASE#] after substituting for variables/test data is [false]
2016/05/31 18:11:04.120;DEBUG;(TestStepRunner.java:845);Calling action [@useScriptInstance=#ECM#]
2016/05/31 18:11:04.120;DEBUG;(Helper.java:463);Action value string [#ECM#] after substituting for variables/test data is [scriptInstance20160531181042504]
2016/05/31 18:11:04.120;DEBUG;(TestStepRunner.java:1225);Execute the Annotation [@useScriptInstance], with the value [scriptInstance20160531181042504]
2016/05/31 18:11:04.120; INFO;(Parser.java:1585);Storing script instance [scriptInstance20160531181042504] in system variable [AFT_CURRENTSCRIPTINSTANCE] by default
2016/05/31 18:11:04.120; INFO;(ScriptInstanceManager.java:129);Trying to fetch stored script instance identifier [scriptInstance20160531181042504]
2016/05/31 18:11:04.120;DEBUG;(Variable.java:295);Value [scriptInstance20160531181042504] has been stored in variable [AFT_CURRENTSCRIPTINSTANCE]
2016/05/31 18:11:04.120;DEBUG;(Helper.java:463);Action value string [#AFT_IsEndOfTestData#] after substituting for variables/test data is [false]
2016/05/31 18:11:04.120; INFO;(TestStepRunner.java:588);Completed execution of Pre-steps for test case #RS_CloseConnection_1
2016/05/31 18:11:04.120; INFO;(TestStepRunner.java:564);Starting execution of Steps for test case #RS_CloseConnection_1
2016/05/31 18:11:04.135;DEBUG;(Helper.java:463);Action value string [#AFT_TERMINATECURRENTTESTSUITE#] after substituting for variables/test data is [false]
2016/05/31 18:11:04.135;DEBUG;(Helper.java:463);Action value string [#AFT_TERMINATECURRENTTESTSCENARIO#] after substituting for variables/test data is [false]
2016/05/31 18:11:04.135;DEBUG;(Helper.java:463);Action value string [#AFT_TERMINATECURRENTTESTCASE#] after substituting for variables/test data is [false]
2016/05/31 18:11:04.135;DEBUG;(TestStepRunner.java:860);Calling action [##closeConnection], Element Name [novalue], Element value [novalue]
2016/05/31 18:11:04.135;DEBUG;(Parser.java:159);Calling actionValue [##closeConnection], element Name [novalue], original value [novalue], parsed value []
2016/05/31 18:11:04.135;DEBUG;(ScriptRunner.java:373);No script identifier specified. Using [AFT_LastScriptInstance]
2016/05/31 18:11:04.135;DEBUG;(ScriptRunner.java:377);Method to be invoked is [closeConnection]
2016/05/31 18:11:04.135;DEBUG;(ScriptRunner.java:381);Variable to store value returned by method is [novalue]
2016/05/31 18:11:04.135;DEBUG;(Helper.java:463);Action value string [#AFT_CURRENTSCRIPTINSTANCE#] after substituting for variables/test data is [scriptInstance20160531181042504]
2016/05/31 18:11:04.135; INFO;(ScriptInstanceManager.java:129);Trying to fetch stored script instance identifier [scriptInstance20160531181042504]
2016/05/31 18:11:04.135; INFO;(ScriptRunner.java:595);Invoking function [closeConnection] with no parameters.
2016/05/31 18:11:04.135; INFO;(Helper.java:621);Parsing the parameters [novalue]
2016/05/31 18:11:04.135;ERROR;(Variable.java:298);Variable name [novalue] specified looks invalid. Please check the syntax in test suite.
2016/05/31 18:11:04.135;DEBUG;(Variable.java:295);Value [] has been stored in variable [AFT_EXTERNALSCRIPTRETURNVALUE]
2016/05/31 18:11:04.135;DEBUG;(ScriptRunner.java:501);Returning value [] after executing method [closeConnection] for script identifier [scriptInstance20160531181042504]
2016/05/31 18:11:04.135;DEBUG;(Variable.java:295);Value [novalue] has been stored in variable [AFT_LASTOPERATEDCONTROL]
2016/05/31 18:11:04.135;DEBUG;(Variable.java:295);Value [] has been stored in variable [AFT_LASTACTIONRESPONSE]
2016/05/31 18:11:04.135;DEBUG;(Variable.java:295);Value [##closeConnection] has been stored in variable [AFT_LASTACTION]
2016/05/31 18:11:04.135;DEBUG;(Helper.java:463);Action value string [#AFT_LASTACTIONRESPONSE#] after substituting for variables/test data is []
2016/05/31 18:11:04.135; INFO;(TestStepRunner.java:588);Completed execution of Steps for test case #RS_CloseConnection_1
2016/05/31 18:11:04.135; INFO;(TestStepRunner.java:564);Starting execution of Post-steps for test case #RS_CloseConnection_1
2016/05/31 18:11:04.135; INFO;(TestStepRunner.java:588);Completed execution of Post-steps for test case #RS_CloseConnection_1
2016/05/31 18:11:04.135;DEBUG;(Helper.java:463);Action value string [#AFT_TERMINATECURRENTTESTSUITE#] after substituting for variables/test data is [false]
2016/05/31 18:11:04.135;DEBUG;(Helper.java:463);Action value string [#AFT_TERMINATECURRENTTESTSCENARIO#] after substituting for variables/test data is [false]
2016/05/31 18:11:04.135;DEBUG;(Helper.java:463);Action value string [#AFT_TERMINATECURRENTTESTCASE#] after substituting for variables/test data is [false]
2016/05/31 18:11:04.135; INFO;(TestSuiteRunner.java:887);Completed execution of Single functional business scenarios and test steps for #RS_CloseConnection
2016/05/31 18:11:04.135;DEBUG;(TestSuiteRunner.java:770);Completed execution of a scenario [RS_CloseConnection]. Poped out [RS_CloseConnection] from [executingResuableTestScenario] stack.
2016/05/31 18:11:04.135;ERROR;(TestBatchRunner.java:404);Exception::
java.lang.NullPointerException
	at com.ags.aft.exception.AFTException.<init>(AFTException.java:90)
	at com.ags.aft.runners.TestSuiteRunner.executeSingleBusinessScenario(TestSuiteRunner.java:761)
	at com.ags.aft.runners.TestSuiteRunner.executeTestScenarios(TestSuiteRunner.java:1108)
	at com.ags.aft.runners.TestSuiteRunner.execute(TestSuiteRunner.java:1024)
	at com.ags.aft.runners.TestBatchRunner.executeTestBatch(TestBatchRunner.java:401)
	at com.ags.aft.runners.TestBatchRunner.executeFileSystemTestBatch(TestBatchRunner.java:242)
	at com.ags.aft.runners.TestBatchRunner.execute(TestBatchRunner.java:124)
	at com.ags.aft.main.Driver.main(Driver.java:149)
2016/05/31 18:11:04.135; INFO;(TestBatchRunner.java:974);----------------------------------------------------------------------------------
2016/05/31 18:11:04.135; INFO;(TestBatchRunner.java:975);Test Set Name=[ECM], Test Suite Path=[.\testScripts\GlobalFoundries_TestSuite_ECM.xls]
2016/05/31 18:11:04.135; INFO;(ReportGenerator.java:279);
2016/05/31 18:11:04.135; INFO;(ReportGenerator.java:280);--------------Total Executed [1], Total Passed [1], Total Failed [0]--------------
2016/05/31 18:11:04.135; INFO;(TestBatchRunner.java:979);----------------------------------------------------------------------------------
2016/05/31 18:11:04.135; INFO;(TestBatchRunner.java:982);calling teardown for execution engine
2016/05/31 18:11:05.136;ERROR;(Driver.java:158);Exception::
java.lang.NullPointerException
	at com.ags.aft.exception.AFTException.<init>(AFTException.java:90)
	at com.ags.aft.runners.TestBatchRunner.executeTestBatch(TestBatchRunner.java:405)
	at com.ags.aft.runners.TestBatchRunner.executeFileSystemTestBatch(TestBatchRunner.java:242)
	at com.ags.aft.runners.TestBatchRunner.execute(TestBatchRunner.java:124)
	at com.ags.aft.main.Driver.main(Driver.java:149)
2016/05/31 18:11:05.136; INFO;(Driver.java:181);------------------------------------------------------------------------------------------
2016/05/31 18:11:05.136; INFO;(Driver.java:182);Completed execution of Automated Functional Tester (AFT) of test run at : 2016-05-31 18:11:05
2016/05/31 18:11:05.136; INFO;(Driver.java:184);Total execution time for this test run was : 0:0:25:50053
2016/05/31 18:11:05.136; INFO;(Driver.java:186);------------------------------------------------------------------------------------------
